#
#model:
#
#<?xml version="1.0" encoding="UTF-8" standalone="no"?><input id="posterior" spec="beast.core.util.CompoundDistribution">
#    <distribution id="prior" spec="beast.core.util.CompoundDistribution">
#        <distribution contemp="true" id="BDSKY_Serial.t:sequences" spec="beast.evolution.speciation.BirthDeathSkylineModel">
#            <parameter id="RealParameter" lower="0.0" name="origin" spec="beast.core.parameter.RealParameter" upper="0.0">5.0</parameter>
#            <parameter id="rho_BDSKY_Contemp.t:sequences" lower="0.0" name="rho" spec="beast.core.parameter.RealParameter" upper="1.0">0.3</parameter>
#            <parameter id="reproductiveNumber_BDSKY_Serial.t:sequences" lower="0.0" name="reproductiveNumber" spec="beast.core.parameter.RealParameter" upper="Infinity">2.0</parameter>
#            <parameter id="becomeUninfectiousRate_BDSKY_Serial.t:sequences" lower="0.0" name="becomeUninfectiousRate" spec="beast.core.parameter.RealParameter" upper="Infinity">3.0</parameter>
#            <parameter id="samplingProportion_BDSKY_Serial.t:sequences" lower="0.0" name="samplingProportion" spec="beast.core.parameter.RealParameter" upper="1.0">0.01</parameter>
#            <tree IsLabelledNewick="true" adjustTipHeights="false" id="Tree.t:sequences" newick="(((t8_3.667354:1.923210447,t18_1.972727:0.2285834472):0.1553215905,t21_1.684536:0.0957144532):0.7417257785,(t29_1.537950:0.1263667142,(((t31_2.623714:0.615633872,((t33_2.580864:0.0413912462,t34_3.097844:0.5583715656):0.261552688,((t36_3.662922:0.1122544246,((t38_4.555011:0.0147536685,t40_5.000000:0.4597427304):0.6981943185,t42_3.914500:0.0724367366):0.2913954923):0.4864847783,t45_3.306219:0.2420366707):0.7862630743):0.2698397563):0.365553501,(t48_2.250221:0.0382605671,(t50_2.663953:0.3866955502,(t51_2.661068:0.2095783132,((t53_3.429765:0.3477348663,t54_3.417806:0.3357757298):0.3524655902,t56_4.132809:1.403243862):0.2780756126):0.1742317122):0.0652972457):0.569433964):0.2053479616,(((t79_2.888781:0.7231514033,(t81_2.767308:0.1200771527,((((((t83_4.810020:0.1243189907,t88_5.000000:0.3142990488):0.1196396899,(t91_5.000000:0.2205938603,(t96_5.000000:0.06706679657,t98_5.000000:0.06706679657):0.1535270637):0.2133448784):0.0029109878,((t102_5.000000:0.1156132126,t104_5.000000:0.1156132126):0.1261926363,t105_4.908343:0.1501489438):0.1950438776):0.088293421,t112_4.791572:0.3167148152):0.8744930837,((t114_4.418828:0.2131130193,t115_4.439102:0.2333866824):0.5408467369,t119_4.450308:0.7854394935):0.0645045632):0.3172349627,t121_3.318515:0.0353858158):0.6358981891):0.4816011569):0.0843049074,((((t125_3.321085:0.0606090495,(t126_3.830169:0.130922491,((t127_5.000000:0.3599297972,t133_5.000000:0.3599297972):0.80503243,t139_3.907873:0.0728349163):0.1357912608):0.438770367):0.5835846211,t142_2.736561:0.0596689928):0.2457272364,(((((t143_4.203671:0.5000537096,(t148_4.599424:0.5026788393,(t150_4.267463:0.0401504519,t151_4.254391:0.0270786517):0.130567624):0.3931270097):0.0089262633,(t153_4.544574:0.0289671635,t154_4.526084:0.0104773959):0.8209154252):0.5472184177,(((((t157_4.995858:0.0938243257,t158_5.000000:0.09796680417):0.3101946029,t160_4.635365:0.0435263343):0.0185064855,t164_4.853798:0.2804654886):0.1279174111,((t165_4.988802:0.1921261806,t166_5.000000:0.2033238069):0.0648200849,t167_4.823911:0.0920552057):0.2864414119):0.2332212832,t168_4.379335:0.1671417984):1.064720395):0.3498568523,t177_4.196933:1.399316404):0.2276974661,(t179_3.007304:0.1996946061,(((t184_4.231628:0.9341330324,t188_3.363767:0.0662719883):0.1504957401,((t195_4.880497:0.1471215129,t198_4.968512:0.2351368808):0.2319003052,(t201_5.000000:0.1807229518,t203_4.910305:0.0910275394):0.3178019266):1.354476331):0.0125315559,((t218_4.429855:0.0619445595,(t224_5.000000:0.4047811098,t230_4.812030:0.216811318):0.227308216):0.1478606334,t235_4.800399:0.5803489713):1.085582806):0.326858078):0.2376904569):0.1387544125):0.0245579335,t244_2.463219:0.0566129679):0.3252818013):0.5071617537,(((((t246_3.011406:0.8140637651,((((t247_3.522864:0.3948683664,(((t248_4.220628:0.0562231145,(t249_4.360162:0.1890543883,((t252_4.841122:0.3748217075,(t253_5.000000:0.08868371507,t254_5.000000:0.08868371507):0.4450157412):0.2927494381,(t260_4.892233:0.5232715335,t262_4.632708:0.2637464322):0.1954106148):0.0024433658):0.0067028469):0.1305662185,t266_4.221791:0.1879522265):0.3221435647,(t271_4.740325:0.6499153091,(t274_4.716078:0.4030263458,t280_5.000000:0.68694836):0.2226420969):0.3787144334):0.5836995359):0.1413649787,((t290_3.660657:0.1876376771,t291_3.547235:0.0742157394):0.4213911132,(((t305_4.349014:0.0182940334,(t306_4.592120:0.0047334567,t307_4.931293:0.3439069168):0.2566659636):0.9017662878,(((((t315_5.000000:0.1568943644,t320_5.000000:0.1568943644):0.1803087603,(t323_5.000000:0.3316609635,t325_5.000000:0.3316609635):0.0055421612):0.2972022739,t327_4.724494:0.3588995856):0.1436623347,t328_4.602132:0.3801995387):0.1272764425,t329_4.156501:0.0618452449):0.6657019938):0.0227839992,(((t336_4.254272:0.2533218054,t341_4.035913:0.0349627584):0.2298857781,t344_4.636776:0.8657107349):0.1940501933,((t348_5.000000:0.6215647585,t353_4.394385:0.0159497403):0.2137995556,((t361_5.000000:0.4547211561,(t363_5.000000:0.3217341208,t365_5.000000:0.3217341208):0.1329870353):0.3715819363,t367_4.271329:0.0976316006):0.0090612217):0.587621109):0.1708447457):0.3545412229):0.0649980132):0.0301139975,(t370_3.638073:0.1060202746,t371_3.791145:0.2590921378):0.5755358682):0.2502710558,((t372_3.471456:0.3858556399,(t377_5.000000:0.6180014783,t380_5.000000:0.6180014783):1.296398587):0.2621331103,(t381_3.328143:0.2740733957,(((t383_4.285588:0.2290852644,t384_4.401452:0.344949531):0.1015928514,t385_3.998688:0.0437782742):0.0195522168,t386_4.506234:0.5708766659):0.8812880942):0.23060275):0.117221283):0.5089029267):0.0845369349,((t396_3.382216:0.7219440026,(((t405_3.116688:0.0218835072,t406_3.161943:0.0671378676):0.3116315969,((t407_3.269923:0.3607417803,(((t410_5.000000:0.6465254823,t412_4.506663:0.1531881977):0.2620464292,t418_4.293787:0.2023586669):0.8924655068,t420_3.426021:0.2270585205):0.2897816565):0.0612599775,((((t426_4.735226:0.2026725943,(t430_5.000000:0.4051764952,t437_4.701461:0.1066376336):0.062270016):0.215623689,t443_4.368399:0.0514696333):0.036980811,(t447_5.000000:0.3795112875,(t451_5.000000:0.3150228169,(t454_5.000000:0.01473446157,t456_5.000000:0.01473446157):0.3002883553):0.0644884706):0.3405397237):1.310823295,(t468_3.653160:0.5614770705,t471_3.209110:0.1174276437):0.1225568869):0.1212047459):0.0647477723):0.0540634174,((((t477_5.000000:0.319942133,t478_5.000000:0.319942133):0.9268346375,t481_4.032950:0.2797272589):0.4024337797,((t486_4.294366:0.1468484821,(t487_4.747991:0.5313502146,t490_4.980945:0.7643044597):0.0691236102):0.0270871234,(t504_5.000000:0.4567432007,t505_5.000000:0.4567432007):0.4228267885):0.769640561):0.3858701484,t519_3.141092:0.176172684):0.2358095434):0.0688379873):0.3370909473,((((t525_5.000000:1.104616085,t526_3.934620:0.0392365039):0.7886581951,t529_3.463481:0.3567557443):0.3943854792,(((t551_5.000000:0.400443774,t554_4.871216:0.2716595128):0.4279971745,((t556_5.000000:0.6229532439,t563_4.514650:0.1376029016):0.0069378803,t566_4.734433:0.3643243925):0.1985498243):0.2321882983,t574_4.021438:0.0820672728):1.227030513):0.3005908456,((t579_3.987076:0.4389766176,(t583_4.976610:0.8318749286,t592_4.587685:0.4429505903):0.5966348736):0.8285375675,(t595_3.022094:0.1706973099,(((((t598_5.000000:0.4134412762,t601_5.000000:0.4134412762):0.2971093945,(t606_4.831562:0.1211096205,t607_5.000000:0.289547328):0.4210033427):0.1275730818,((t610_4.652147:0.1269416004,t614_5.000000:0.4747942813):0.2575966501,t619_4.514993:0.2473835801):0.1057328211):0.1852195596,t628_4.982976:1.006319135):0.8896405764,((((t632_5.000000:1.303465477,(((t636_4.982487:0.2467858323,t637_5.000000:0.2642991088):0.1132060115,t641_4.935523:0.31302781):0.1195643384,t643_4.717029:0.2140988523):0.8063960179):0.0771717189,(t645_3.767079:0.0477209837,(t647_4.845441:0.8018261606,((t652_4.579880:0.1415515432,(t653_5.000000:0.2772781477,t656_5.000000:0.2772781477):0.2843935557):0.2664749624,t660_4.660127:0.4882741321):0.1282388628):0.3242566848):0.0999949821):0.1565653999,(((t674_5.000000:0.9819114985,t679_4.295663:0.2775741747):0.1916832377,t681_4.061009:0.2346039177):0.0776732535,(t683_4.322946:0.0115497386,t684_4.524078:0.2126823754):0.5626638241):0.2859346057):0.3652126276,(t690_4.913840:1.093674467,t703_3.960337:0.1401720549):0.7225805558):0.0105686655):0.2356198723):0.1318339981):0.307812846):0.0885685717):0.2103751432):0.0745524947,(((t704_3.021681:0.6414388519,((t706_3.915473:0.2027484031,((t709_4.734981:0.1929632298,(t714_5.000000:0.2152324287,((t715_5.000000:0.09677153207,t717_4.996273:0.0930442937):0.0610285421,t718_5.000000:0.1578000742):0.0574323545):0.2427502071):0.1396519469,t721_5.000000:0.5976345827):0.6896408355):0.2122651896,((t725_4.901035:0.9150839646,(t728_5.000000:0.1847565466,t729_5.000000:0.1847565466):0.8292924288):0.0370867515,(t731_4.279496:0.2291630394,t734_5.000000:0.9496668456):0.1014688813):0.4484048809):1.120216756):0.2011670113,t748_3.176152:0.9970768264):0.0944831136,((((t751_3.982725:0.381000988,(t756_3.940483:0.1424782506,t759_5.000000:1.201994925):0.1962814925):0.3875613176,((t775_5.000000:0.462710723,t783_5.000000:0.462710723):0.8654496927,t793_5.000000:1.328160416):0.4576773192):0.3044240347,(((t802_3.770944:0.2511759095,(((t806_4.947381:0.7559921718,t809_4.254529:0.0631403165):0.1798320702,((t812_4.528301:0.1129072124,t813_4.756642:0.3412483321):0.2266026848,((t819_5.000000:0.2877629618,((t821_5.000000:0.06990867527,t822_5.000000:0.06990867527):0.0318351827,t823_5.000000:0.101743858):0.1860191038):0.2747890857,(t825_4.868580:0.121960499,t826_4.777930:0.0313111701):0.3091711586):0.24865708):0.177234324):0.1822379822,(t827_5.000000:0.2354822581,t829_5.000000:0.2354822581):0.9351991756):0.3095499952):0.268774403,((((((t834_4.375879:0.4663986068,((t841_4.972653:0.54991992,t842_4.833671:0.4109377019):0.1551956846,t843_4.551742:0.2842042328):0.3580573624):0.0450699999,(t848_5.000000:0.6257341416,t854_4.877516:0.5032499205):0.509855912):0.0568514215,t859_3.917215:0.1096566745):0.1814699421,(t861_4.478731:0.2040322683,t863_4.931858:0.6571596288):0.6486100344):0.0215458043,t869_4.101197:0.4966544812):0.2150409914,t870_3.576890:0.1873879393):0.138507619):0.050655483,(t872_3.712739:0.3455361287,(t874_4.044601:0.0439581871,t875_4.261268:0.2606247075):0.6334406805):0.1668637018):0.2906004547):0.0314234153,t881_3.119465:0.2411501104):0.7937223039):0.0463393257):0.0447550134,(((t889_3.258930:0.1762299311,((t893_3.958102:0.5703161406,t898_3.464623:0.076837361):0.1640717606,t903_4.182584:0.9588698007):0.1410135069):0.1479468838,t908_2.941664:0.00691096):0.1139273741,((((t910_4.506713:0.2261903296,(t912_4.587906:0.0581527278,((t914_5.000000:0.149616378,t917_5.000000:0.149616378):0.1736433497,t918_5.000000:0.3232597277):0.1469867442):0.2492305773):0.0066986261,((t921_5.000000:0.62043737,(t926_5.000000:0.3778965769,t929_5.000000:0.3778965769):0.2425407931):0.0474034116,t934_5.000000:0.6678407816):0.0583348937):0.0684120557,t937_4.207080:0.0016672706):1.318408933,(((t940_4.809534:0.0614769771,t941_4.893098:0.1450406499):0.2209573217,(t943_5.000000:0.2870138169,t944_4.932143:0.2191563492):0.1858864594):0.7191473574,t949_3.962127:0.1541749865):0.9209490301):0.0661772571):0.827327907):0.049657671,t953_2.083120:0.1392791048):0.3696777021):0.1369844117):0.0255951378):0.5644870113);" spec="beast.util.TreeParser">
#                <taxonset id="TaxonSet" spec="beast.evolution.alignment.TaxonSet">
#                    <taxon id="t102_5.000000" spec="beast.evolution.alignment.Taxon"/>
#                    <taxon id="t104_5.000000" spec="beast.evolution.alignment.Taxon"/>
#                    <taxon id="t105_4.908343" spec="beast.evolution.alignment.Taxon"/>
#                    <taxon id="t112_4.791572" spec="beast.evolution.alignment.Taxon"/>
#                    <taxon id="t114_4.418828" spec="beast.evolution.alignment.Taxon"/>
#                    <taxon id="t115_4.439102" spec="beast.evolution.alignment.Taxon"/>
#                    <taxon id="t119_4.450308" spec="beast.evolution.alignment.Taxon"/>
#                    <taxon id="t121_3.318515" spec="beast.evolution.alignment.Taxon"/>
#                    <taxon id="t125_3.321085" spec="beast.evolution.alignment.Taxon"/>
#                    <taxon id="t126_3.830169" spec="beast.evolution.alignment.Taxon"/>
#                    <taxon id="t127_5.000000" spec="beast.evolution.alignment.Taxon"/>
#                    <taxon id="t133_5.000000" spec="beast.evolution.alignment.Taxon"/>
#                    <taxon id="t139_3.907873" spec="beast.evolution.alignment.Taxon"/>
#                    <taxon id="t142_2.736561" spec="beast.evolution.alignment.Taxon"/>
#                    <taxon id="t143_4.203671" spec="beast.evolution.alignment.Taxon"/>
#                    <taxon id="t148_4.599424" spec="beast.evolution.alignment.Taxon"/>
#                    <taxon id="t150_4.267463" spec="beast.evolution.alignment.Taxon"/>
#                    <taxon id="t151_4.254391" spec="beast.evolution.alignment.Taxon"/>
#                    <taxon id="t153_4.544574" spec="beast.evolution.alignment.Taxon"/>
#                    <taxon id="t154_4.526084" spec="beast.evolution.alignment.Taxon"/>
#                    <taxon id="t157_4.995858" spec="beast.evolution.alignment.Taxon"/>
#                    <taxon id="t158_5.000000" spec="beast.evolution.alignment.Taxon"/>
#                    <taxon id="t160_4.635365" spec="beast.evolution.alignment.Taxon"/>
#                    <taxon id="t164_4.853798" spec="beast.evolution.alignment.Taxon"/>
#                    <taxon id="t165_4.988802" spec="beast.evolution.alignment.Taxon"/>
#                    <taxon id="t166_5.000000" spec="beast.evolution.alignment.Taxon"/>
#                    <taxon id="t167_4.823911" spec="beast.evolution.alignment.Taxon"/>
#                    <taxon id="t168_4.379335" spec="beast.evolution.alignment.Taxon"/>
#                    <taxon id="t177_4.196933" spec="beast.evolution.alignment.Taxon"/>
#                    <taxon id="t179_3.007304" spec="beast.evolution.alignment.Taxon"/>
#                    <taxon id="t184_4.231628" spec="beast.evolution.alignment.Taxon"/>
#                    <taxon id="t188_3.363767" spec="beast.evolution.alignment.Taxon"/>
#                    <taxon id="t18_1.972727" spec="beast.evolution.alignment.Taxon"/>
#                    <taxon id="t195_4.880497" spec="beast.evolution.alignment.Taxon"/>
#                    <taxon id="t198_4.968512" spec="beast.evolution.alignment.Taxon"/>
#                    <taxon id="t201_5.000000" spec="beast.evolution.alignment.Taxon"/>
#                    <taxon id="t203_4.910305" spec="beast.evolution.alignment.Taxon"/>
#                    <taxon id="t218_4.429855" spec="beast.evolution.alignment.Taxon"/>
#                    <taxon id="t21_1.684536" spec="beast.evolution.alignment.Taxon"/>
#                    <taxon id="t224_5.000000" spec="beast.evolution.alignment.Taxon"/>
#                    <taxon id="t230_4.812030" spec="beast.evolution.alignment.Taxon"/>
#                    <taxon id="t235_4.800399" spec="beast.evolution.alignment.Taxon"/>
#                    <taxon id="t244_2.463219" spec="beast.evolution.alignment.Taxon"/>
#                    <taxon id="t246_3.011406" spec="beast.evolution.alignment.Taxon"/>
#                    <taxon id="t247_3.522864" spec="beast.evolution.alignment.Taxon"/>
#                    <taxon id="t248_4.220628" spec="beast.evolution.alignment.Taxon"/>
#                    <taxon id="t249_4.360162" spec="beast.evolution.alignment.Taxon"/>
#                    <taxon id="t252_4.841122" spec="beast.evolution.alignment.Taxon"/>
#                    <taxon id="t253_5.000000" spec="beast.evolution.alignment.Taxon"/>
#                    <taxon id="t254_5.000000" spec="beast.evolution.alignment.Taxon"/>
#                    <taxon id="t260_4.892233" spec="beast.evolution.alignment.Taxon"/>
#                    <taxon id="t262_4.632708" spec="beast.evolution.alignment.Taxon"/>
#                    <taxon id="t266_4.221791" spec="beast.evolution.alignment.Taxon"/>
#                    <taxon id="t271_4.740325" spec="beast.evolution.alignment.Taxon"/>
#                    <taxon id="t274_4.716078" spec="beast.evolution.alignment.Taxon"/>
#                    <taxon id="t280_5.000000" spec="beast.evolution.alignment.Taxon"/>
#                    <taxon id="t290_3.660657" spec="beast.evolution.alignment.Taxon"/>
#                    <taxon id="t291_3.547235" spec="beast.evolution.alignment.Taxon"/>
#                    <taxon id="t29_1.537950" spec="beast.evolution.alignment.Taxon"/>
#                    <taxon id="t305_4.349014" spec="beast.evolution.alignment.Taxon"/>
#                    <taxon id="t306_4.592120" spec="beast.evolution.alignment.Taxon"/>
#                    <taxon id="t307_4.931293" spec="beast.evolution.alignment.Taxon"/>
#                    <taxon id="t315_5.000000" spec="beast.evolution.alignment.Taxon"/>
#                    <taxon id="t31_2.623714" spec="beast.evolution.alignment.Taxon"/>
#                    <taxon id="t320_5.000000" spec="beast.evolution.alignment.Taxon"/>
#                    <taxon id="t323_5.000000" spec="beast.evolution.alignment.Taxon"/>
#                    <taxon id="t325_5.000000" spec="beast.evolution.alignment.Taxon"/>
#                    <taxon id="t327_4.724494" spec="beast.evolution.alignment.Taxon"/>
#                    <taxon id="t328_4.602132" spec="beast.evolution.alignment.Taxon"/>
#                    <taxon id="t329_4.156501" spec="beast.evolution.alignment.Taxon"/>
#                    <taxon id="t336_4.254272" spec="beast.evolution.alignment.Taxon"/>
#                    <taxon id="t33_2.580864" spec="beast.evolution.alignment.Taxon"/>
#                    <taxon id="t341_4.035913" spec="beast.evolution.alignment.Taxon"/>
#                    <taxon id="t344_4.636776" spec="beast.evolution.alignment.Taxon"/>
#                    <taxon id="t348_5.000000" spec="beast.evolution.alignment.Taxon"/>
#                    <taxon id="t34_3.097844" spec="beast.evolution.alignment.Taxon"/>
#                    <taxon id="t353_4.394385" spec="beast.evolution.alignment.Taxon"/>
#                    <taxon id="t361_5.000000" spec="beast.evolution.alignment.Taxon"/>
#                    <taxon id="t363_5.000000" spec="beast.evolution.alignment.Taxon"/>
#                    <taxon id="t365_5.000000" spec="beast.evolution.alignment.Taxon"/>
#                    <taxon id="t367_4.271329" spec="beast.evolution.alignment.Taxon"/>
#                    <taxon id="t36_3.662922" spec="beast.evolution.alignment.Taxon"/>
#                    <taxon id="t370_3.638073" spec="beast.evolution.alignment.Taxon"/>
#                    <taxon id="t371_3.791145" spec="beast.evolution.alignment.Taxon"/>
#                    <taxon id="t372_3.471456" spec="beast.evolution.alignment.Taxon"/>
#                    <taxon id="t377_5.000000" spec="beast.evolution.alignment.Taxon"/>
#                    <taxon id="t380_5.000000" spec="beast.evolution.alignment.Taxon"/>
#                    <taxon id="t381_3.328143" spec="beast.evolution.alignment.Taxon"/>
#                    <taxon id="t383_4.285588" spec="beast.evolution.alignment.Taxon"/>
#                    <taxon id="t384_4.401452" spec="beast.evolution.alignment.Taxon"/>
#                    <taxon id="t385_3.998688" spec="beast.evolution.alignment.Taxon"/>
#                    <taxon id="t386_4.506234" spec="beast.evolution.alignment.Taxon"/>
#                    <taxon id="t38_4.555011" spec="beast.evolution.alignment.Taxon"/>
#                    <taxon id="t396_3.382216" spec="beast.evolution.alignment.Taxon"/>
#                    <taxon id="t405_3.116688" spec="beast.evolution.alignment.Taxon"/>
#                    <taxon id="t406_3.161943" spec="beast.evolution.alignment.Taxon"/>
#                    <taxon id="t407_3.269923" spec="beast.evolution.alignment.Taxon"/>
#                    <taxon id="t40_5.000000" spec="beast.evolution.alignment.Taxon"/>
#                    <taxon id="t410_5.000000" spec="beast.evolution.alignment.Taxon"/>
#                    <taxon id="t412_4.506663" spec="beast.evolution.alignment.Taxon"/>
#                    <taxon id="t418_4.293787" spec="beast.evolution.alignment.Taxon"/>
#                    <taxon id="t420_3.426021" spec="beast.evolution.alignment.Taxon"/>
#                    <taxon id="t426_4.735226" spec="beast.evolution.alignment.Taxon"/>
#                    <taxon id="t42_3.914500" spec="beast.evolution.alignment.Taxon"/>
#                    <taxon id="t430_5.000000" spec="beast.evolution.alignment.Taxon"/>
#                    <taxon id="t437_4.701461" spec="beast.evolution.alignment.Taxon"/>
#                    <taxon id="t443_4.368399" spec="beast.evolution.alignment.Taxon"/>
#                    <taxon id="t447_5.000000" spec="beast.evolution.alignment.Taxon"/>
#                    <taxon id="t451_5.000000" spec="beast.evolution.alignment.Taxon"/>
#                    <taxon id="t454_5.000000" spec="beast.evolution.alignment.Taxon"/>
#                    <taxon id="t456_5.000000" spec="beast.evolution.alignment.Taxon"/>
#                    <taxon id="t45_3.306219" spec="beast.evolution.alignment.Taxon"/>
#                    <taxon id="t468_3.653160" spec="beast.evolution.alignment.Taxon"/>
#                    <taxon id="t471_3.209110" spec="beast.evolution.alignment.Taxon"/>
#                    <taxon id="t477_5.000000" spec="beast.evolution.alignment.Taxon"/>
#                    <taxon id="t478_5.000000" spec="beast.evolution.alignment.Taxon"/>
#                    <taxon id="t481_4.032950" spec="beast.evolution.alignment.Taxon"/>
#                    <taxon id="t486_4.294366" spec="beast.evolution.alignment.Taxon"/>
#                    <taxon id="t487_4.747991" spec="beast.evolution.alignment.Taxon"/>
#                    <taxon id="t48_2.250221" spec="beast.evolution.alignment.Taxon"/>
#                    <taxon id="t490_4.980945" spec="beast.evolution.alignment.Taxon"/>
#                    <taxon id="t504_5.000000" spec="beast.evolution.alignment.Taxon"/>
#                    <taxon id="t505_5.000000" spec="beast.evolution.alignment.Taxon"/>
#                    <taxon id="t50_2.663953" spec="beast.evolution.alignment.Taxon"/>
#                    <taxon id="t519_3.141092" spec="beast.evolution.alignment.Taxon"/>
#                    <taxon id="t51_2.661068" spec="beast.evolution.alignment.Taxon"/>
#                    <taxon id="t525_5.000000" spec="beast.evolution.alignment.Taxon"/>
#                    <taxon id="t526_3.934620" spec="beast.evolution.alignment.Taxon"/>
#                    <taxon id="t529_3.463481" spec="beast.evolution.alignment.Taxon"/>
#                    <taxon id="t53_3.429765" spec="beast.evolution.alignment.Taxon"/>
#                    <taxon id="t54_3.417806" spec="beast.evolution.alignment.Taxon"/>
#                    <taxon id="t551_5.000000" spec="beast.evolution.alignment.Taxon"/>
#                    <taxon id="t554_4.871216" spec="beast.evolution.alignment.Taxon"/>
#                    <taxon id="t556_5.000000" spec="beast.evolution.alignment.Taxon"/>
#                    <taxon id="t563_4.514650" spec="beast.evolution.alignment.Taxon"/>
#                    <taxon id="t566_4.734433" spec="beast.evolution.alignment.Taxon"/>
#                    <taxon id="t56_4.132809" spec="beast.evolution.alignment.Taxon"/>
#                    <taxon id="t574_4.021438" spec="beast.evolution.alignment.Taxon"/>
#                    <taxon id="t579_3.987076" spec="beast.evolution.alignment.Taxon"/>
#                    <taxon id="t583_4.976610" spec="beast.evolution.alignment.Taxon"/>
#                    <taxon id="t592_4.587685" spec="beast.evolution.alignment.Taxon"/>
#                    <taxon id="t595_3.022094" spec="beast.evolution.alignment.Taxon"/>
#                    <taxon id="t598_5.000000" spec="beast.evolution.alignment.Taxon"/>
#                    <taxon id="t601_5.000000" spec="beast.evolution.alignment.Taxon"/>
#                    <taxon id="t606_4.831562" spec="beast.evolution.alignment.Taxon"/>
#                    <taxon id="t607_5.000000" spec="beast.evolution.alignment.Taxon"/>
#                    <taxon id="t610_4.652147" spec="beast.evolution.alignment.Taxon"/>
#                    <taxon id="t614_5.000000" spec="beast.evolution.alignment.Taxon"/>
#                    <taxon id="t619_4.514993" spec="beast.evolution.alignment.Taxon"/>
#                    <taxon id="t628_4.982976" spec="beast.evolution.alignment.Taxon"/>
#                    <taxon id="t632_5.000000" spec="beast.evolution.alignment.Taxon"/>
#                    <taxon id="t636_4.982487" spec="beast.evolution.alignment.Taxon"/>
#                    <taxon id="t637_5.000000" spec="beast.evolution.alignment.Taxon"/>
#                    <taxon id="t641_4.935523" spec="beast.evolution.alignment.Taxon"/>
#                    <taxon id="t643_4.717029" spec="beast.evolution.alignment.Taxon"/>
#                    <taxon id="t645_3.767079" spec="beast.evolution.alignment.Taxon"/>
#                    <taxon id="t647_4.845441" spec="beast.evolution.alignment.Taxon"/>
#                    <taxon id="t652_4.579880" spec="beast.evolution.alignment.Taxon"/>
#                    <taxon id="t653_5.000000" spec="beast.evolution.alignment.Taxon"/>
#                    <taxon id="t656_5.000000" spec="beast.evolution.alignment.Taxon"/>
#                    <taxon id="t660_4.660127" spec="beast.evolution.alignment.Taxon"/>
#                    <taxon id="t674_5.000000" spec="beast.evolution.alignment.Taxon"/>
#                    <taxon id="t679_4.295663" spec="beast.evolution.alignment.Taxon"/>
#                    <taxon id="t681_4.061009" spec="beast.evolution.alignment.Taxon"/>
#                    <taxon id="t683_4.322946" spec="beast.evolution.alignment.Taxon"/>
#                    <taxon id="t684_4.524078" spec="beast.evolution.alignment.Taxon"/>
#                    <taxon id="t690_4.913840" spec="beast.evolution.alignment.Taxon"/>
#                    <taxon id="t703_3.960337" spec="beast.evolution.alignment.Taxon"/>
#                    <taxon id="t704_3.021681" spec="beast.evolution.alignment.Taxon"/>
#                    <taxon id="t706_3.915473" spec="beast.evolution.alignment.Taxon"/>
#                    <taxon id="t709_4.734981" spec="beast.evolution.alignment.Taxon"/>
#                    <taxon id="t714_5.000000" spec="beast.evolution.alignment.Taxon"/>
#                    <taxon id="t715_5.000000" spec="beast.evolution.alignment.Taxon"/>
#                    <taxon id="t717_4.996273" spec="beast.evolution.alignment.Taxon"/>
#                    <taxon id="t718_5.000000" spec="beast.evolution.alignment.Taxon"/>
#                    <taxon id="t721_5.000000" spec="beast.evolution.alignment.Taxon"/>
#                    <taxon id="t725_4.901035" spec="beast.evolution.alignment.Taxon"/>
#                    <taxon id="t728_5.000000" spec="beast.evolution.alignment.Taxon"/>
#                    <taxon id="t729_5.000000" spec="beast.evolution.alignment.Taxon"/>
#                    <taxon id="t731_4.279496" spec="beast.evolution.alignment.Taxon"/>
#                    <taxon id="t734_5.000000" spec="beast.evolution.alignment.Taxon"/>
#                    <taxon id="t748_3.176152" spec="beast.evolution.alignment.Taxon"/>
#                    <taxon id="t751_3.982725" spec="beast.evolution.alignment.Taxon"/>
#                    <taxon id="t756_3.940483" spec="beast.evolution.alignment.Taxon"/>
#                    <taxon id="t759_5.000000" spec="beast.evolution.alignment.Taxon"/>
#                    <taxon id="t775_5.000000" spec="beast.evolution.alignment.Taxon"/>
#                    <taxon id="t783_5.000000" spec="beast.evolution.alignment.Taxon"/>
#                    <taxon id="t793_5.000000" spec="beast.evolution.alignment.Taxon"/>
#                    <taxon id="t79_2.888781" spec="beast.evolution.alignment.Taxon"/>
#                    <taxon id="t802_3.770944" spec="beast.evolution.alignment.Taxon"/>
#                    <taxon id="t806_4.947381" spec="beast.evolution.alignment.Taxon"/>
#                    <taxon id="t809_4.254529" spec="beast.evolution.alignment.Taxon"/>
#                    <taxon id="t812_4.528301" spec="beast.evolution.alignment.Taxon"/>
#                    <taxon id="t813_4.756642" spec="beast.evolution.alignment.Taxon"/>
#                    <taxon id="t819_5.000000" spec="beast.evolution.alignment.Taxon"/>
#                    <taxon id="t81_2.767308" spec="beast.evolution.alignment.Taxon"/>
#                    <taxon id="t821_5.000000" spec="beast.evolution.alignment.Taxon"/>
#                    <taxon id="t822_5.000000" spec="beast.evolution.alignment.Taxon"/>
#                    <taxon id="t823_5.000000" spec="beast.evolution.alignment.Taxon"/>
#                    <taxon id="t825_4.868580" spec="beast.evolution.alignment.Taxon"/>
#                    <taxon id="t826_4.777930" spec="beast.evolution.alignment.Taxon"/>
#                    <taxon id="t827_5.000000" spec="beast.evolution.alignment.Taxon"/>
#                    <taxon id="t829_5.000000" spec="beast.evolution.alignment.Taxon"/>
#                    <taxon id="t834_4.375879" spec="beast.evolution.alignment.Taxon"/>
#                    <taxon id="t83_4.810020" spec="beast.evolution.alignment.Taxon"/>
#                    <taxon id="t841_4.972653" spec="beast.evolution.alignment.Taxon"/>
#                    <taxon id="t842_4.833671" spec="beast.evolution.alignment.Taxon"/>
#                    <taxon id="t843_4.551742" spec="beast.evolution.alignment.Taxon"/>
#                    <taxon id="t848_5.000000" spec="beast.evolution.alignment.Taxon"/>
#                    <taxon id="t854_4.877516" spec="beast.evolution.alignment.Taxon"/>
#                    <taxon id="t859_3.917215" spec="beast.evolution.alignment.Taxon"/>
#                    <taxon id="t861_4.478731" spec="beast.evolution.alignment.Taxon"/>
#                    <taxon id="t863_4.931858" spec="beast.evolution.alignment.Taxon"/>
#                    <taxon id="t869_4.101197" spec="beast.evolution.alignment.Taxon"/>
#                    <taxon id="t870_3.576890" spec="beast.evolution.alignment.Taxon"/>
#                    <taxon id="t872_3.712739" spec="beast.evolution.alignment.Taxon"/>
#                    <taxon id="t874_4.044601" spec="beast.evolution.alignment.Taxon"/>
#                    <taxon id="t875_4.261268" spec="beast.evolution.alignment.Taxon"/>
#                    <taxon id="t881_3.119465" spec="beast.evolution.alignment.Taxon"/>
#                    <taxon id="t889_3.258930" spec="beast.evolution.alignment.Taxon"/>
#                    <taxon id="t88_5.000000" spec="beast.evolution.alignment.Taxon"/>
#                    <taxon id="t893_3.958102" spec="beast.evolution.alignment.Taxon"/>
#                    <taxon id="t898_3.464623" spec="beast.evolution.alignment.Taxon"/>
#                    <taxon id="t8_3.667354" spec="beast.evolution.alignment.Taxon"/>
#                    <taxon id="t903_4.182584" spec="beast.evolution.alignment.Taxon"/>
#                    <taxon id="t908_2.941664" spec="beast.evolution.alignment.Taxon"/>
#                    <taxon id="t910_4.506713" spec="beast.evolution.alignment.Taxon"/>
#                    <taxon id="t912_4.587906" spec="beast.evolution.alignment.Taxon"/>
#                    <taxon id="t914_5.000000" spec="beast.evolution.alignment.Taxon"/>
#                    <taxon id="t917_5.000000" spec="beast.evolution.alignment.Taxon"/>
#                    <taxon id="t918_5.000000" spec="beast.evolution.alignment.Taxon"/>
#                    <taxon id="t91_5.000000" spec="beast.evolution.alignment.Taxon"/>
#                    <taxon id="t921_5.000000" spec="beast.evolution.alignment.Taxon"/>
#                    <taxon id="t926_5.000000" spec="beast.evolution.alignment.Taxon"/>
#                    <taxon id="t929_5.000000" spec="beast.evolution.alignment.Taxon"/>
#                    <taxon id="t934_5.000000" spec="beast.evolution.alignment.Taxon"/>
#                    <taxon id="t937_4.207080" spec="beast.evolution.alignment.Taxon"/>
#                    <taxon id="t940_4.809534" spec="beast.evolution.alignment.Taxon"/>
#                    <taxon id="t941_4.893098" spec="beast.evolution.alignment.Taxon"/>
#                    <taxon id="t943_5.000000" spec="beast.evolution.alignment.Taxon"/>
#                    <taxon id="t944_4.932143" spec="beast.evolution.alignment.Taxon"/>
#                    <taxon id="t949_3.962127" spec="beast.evolution.alignment.Taxon"/>
#                    <taxon id="t953_2.083120" spec="beast.evolution.alignment.Taxon"/>
#                    <taxon id="t96_5.000000" spec="beast.evolution.alignment.Taxon"/>
#                    <taxon id="t98_5.000000" spec="beast.evolution.alignment.Taxon"/>
#                </taxonset>
#            </tree>
#        </distribution>
#        <prior id="becomeUninfectiousRatePrior_BDSKY_Serial.t:sequences" name="distribution" x="@becomeUninfectiousRate_BDSKY_Serial.t:sequences">
#            <Gamma id="Gamma.0" name="distr" offset="1.0">
#                <parameter estimate="false" id="RealParameter.9" name="alpha" spec="beast.core.parameter.RealParameter">4.0</parameter>
#                <parameter estimate="false" id="RealParameter.10" name="beta" spec="beast.core.parameter.RealParameter">0.25</parameter>
#            </Gamma>
#        </prior>
#        <prior id="reproductiveNumberPrior_BDSKY_Serial.t:sequences" name="distribution" x="@reproductiveNumber_BDSKY_Serial.t:sequences">
#            <Gamma id="Gamma.1" name="distr" offset="1.0">
#                <parameter estimate="false" id="RealParameter.11" name="alpha" spec="beast.core.parameter.RealParameter">3.0</parameter>
#                <parameter estimate="false" id="RealParameter.12" name="beta" spec="beast.core.parameter.RealParameter">0.5</parameter>
#            </Gamma>
#        </prior>
#        <prior id="samplingProportionPrior_BDSKY_Serial.t:sequences" name="distribution" x="@samplingProportion_BDSKY_Serial.t:sequences">
#            <Beta id="Beta.1" name="distr">
#                <parameter estimate="false" id="RealParameter.7" name="alpha" spec="beast.core.parameter.RealParameter">4.0</parameter>
#                <parameter estimate="false" id="RealParameter.8" name="beta" spec="beast.core.parameter.RealParameter">6.0</parameter>
#            </Beta>
#        </prior>
#        <prior id="rhoPrior_BDSKY_Contemp.t:sequences" name="distribution" x="@rho_BDSKY_Contemp.t:sequences">
#            <Beta id="Beta.0" name="distr">
#                <parameter estimate="false" id="RealParameter.1" name="alpha" spec="beast.core.parameter.RealParameter">4.0</parameter>
#                <parameter estimate="false" id="RealParameter.2" name="beta" spec="beast.core.parameter.RealParameter">6.0</parameter>
#            </Beta>
#        </prior>
#    </distribution>
#</input>
#
Sample	posterior	prior	BDSKY_Serial	becomeUninfectiousRate_BDSKY_Serial	reproductiveNumber_BDSKY_Serial	samplingProportion_BDSKY_Serial	rho_BDSKY_Contemp
0	-704.6354809097239	-704.6354809097239	-694.7624625215683	3.0	1.562152368222445	0.01	0.3
1000	-195.49854756694867	-195.49854756694867	-193.31485833227947	1.536795558063731	1.92157437126244	0.5654721220013199	0.08396045191357973
2000	-192.36206605225058	-192.36206605225058	-189.71248276172727	1.474465571760376	1.8298820444791966	0.4349524746618469	0.06077123795219866
3000	-190.0135481270058	-190.0135481270058	-186.6437751976605	1.7793679014354409	1.7235662351069603	0.398207888017925	0.0424750655486926
4000	-192.2579797558304	-192.2579797558304	-188.185877768174	2.012739553269923	1.628772942796996	0.3660237042515829	0.035890757164397366
5000	-197.29551909029124	-197.29551909029124	-194.959724108479	1.3637566370870067	1.831479526305659	0.6340104022852934	0.11963902776678413
6000	-190.33282070314226	-190.33282070314226	-187.4503779844921	1.5333971476407033	1.9369073256028988	0.4158796606721006	0.05224410466088366
7000	-190.0246118244879	-190.0246118244879	-186.94341497484874	1.7884023166825613	1.8315408052147846	0.3552946445753538	0.04608097460952892
8000	-189.9455291292702	-189.9455291292702	-186.3415700675927	1.479396691919413	1.9630964500228814	0.4437573859103144	0.04246829369076518
9000	-191.04271108159736	-191.04271108159736	-188.37468636852714	1.7764856776051539	1.7621649185703916	0.42641714582764967	0.05499782519184415
10000	-190.8428346658041	-190.8428346658041	-186.25796786129774	1.3031706128011924	2.115267924157861	0.5776758662932147	0.047091228109740826
11000	-190.67039579715467	-190.67039579715467	-186.58093938645283	1.51316999322708	2.0490346740165672	0.40467700309254967	0.03407868055582919
12000	-190.61260519228586	-190.61260519228586	-186.2884976739726	1.4061574834627852	2.019041123591657	0.540561900195245	0.04020099033521074
13000	-190.56582366020467	-190.56582366020467	-186.89409425393507	1.445928724193097	1.8770054723613634	0.5600215876083909	0.05100771927572119
14000	-190.93423746376385	-190.93423746376385	-186.6957203915041	1.307919050077675	2.09655430085315	0.5853415781201518	0.05385836432572597
15000	-191.84534697512666	-191.84534697512666	-187.15479196351305	1.377433531493834	2.1480770455423355	0.4350121703093723	0.0322032816746194
16000	-191.55522928316725	-191.55522928316725	-188.70962990076603	1.4824099895751663	1.9987744227848907	0.5218762728375186	0.06173014449022335
17000	-190.39656716458805	-190.39656716458805	-187.01727269551915	1.8712079167619322	1.7527547173803912	0.3714004446392024	0.04238491581755646
18000	-190.68352905238564	-190.68352905238564	-188.04992006701087	1.5852916123929879	1.9081504249252974	0.39538398225063626	0.055453591386616076
19000	-191.97503673813415	-191.97503673813415	-188.61284032651315	2.1034075128053935	1.5247487066973133	0.330563020027062	0.05151663786909655
20000	-192.66193361569097	-192.66193361569097	-187.33196214656337	2.373147637303997	1.486771408106836	0.25027466827390554	0.03343762322293844
21000	-190.72483753552777	-190.72483753552777	-188.11101079692196	1.8725498332421873	1.7334341285980719	0.3409302608039278	0.056743642268642494
22000	-190.40409332243593	-190.40409332243593	-187.13565849822612	1.5200349414518504	1.972029290499991	0.49110571686251187	0.0489837196110768
23000	-192.75194673275558	-192.75194673275558	-190.4436674046421	1.538864292719024	1.9286918916219402	0.5200930843161449	0.0725946686836451
24000	-191.1566400852848	-191.1566400852848	-188.52662158848187	1.5309099326754967	1.9505194169469184	0.40596979181794185	0.057145770427791655
25000	-192.86609115159158	-192.86609115159158	-189.43875499187752	1.5632024096710448	1.735908081177064	0.3976769005488397	0.04313426152694541
26000	-191.18136811944368	-191.18136811944368	-188.39653256644	1.5262254811574776	1.7877727717226501	0.4385441620606126	0.05617152239387183
27000	-190.7062313589374	-190.7062313589374	-186.38488014055497	1.3960990030292086	1.9242011944762119	0.5406666920158777	0.04084038127483611
28000	-196.86217497862106	-196.86217497862106	-194.75510025448148	2.025023193976445	1.5666235533840374	0.42642853978351186	0.0779654919005768
29000	-193.91830005926417	-193.91830005926417	-191.0800179921094	1.8040269609283826	1.4949212932898732	0.4377560048750254	0.05891169637701824
30000	-191.21416084580426	-191.21416084580426	-187.49814468164053	1.395602765060063	2.010067117929096	0.5846187931598477	0.056045592729654675
31000	-190.96911393664885	-190.96911393664885	-187.10037078787332	1.6843236774365757	1.8115073139119602	0.34287215971009494	0.035103620660732915
32000	-191.0919832711613	-191.0919832711613	-186.53068687241804	1.3878762000054425	1.9701458708276767	0.577894794389357	0.0409547716556518
33000	-191.89851339966125	-191.89851339966125	-189.4663834144552	1.5699725240010127	1.684095064440314	0.5174212688538629	0.07100304085016777
34000	-192.67035244647545	-192.67035244647545	-188.5576328599527	1.2978060112540168	1.9299563771488348	0.6666420198036371	0.07507328031192274
35000	-189.66723818129677	-189.66723818129677	-186.76041373553	1.6173062039575075	1.8377030152591836	0.4340393967292867	0.05088494201628285
36000	-191.69630723723992	-191.69630723723992	-188.3336062919595	1.7970366092499421	1.7513594171406563	0.3022803244637067	0.04368638031314627
37000	-190.6005610624586	-190.6005610624586	-188.1027721863092	1.6625121336174664	1.7202742669014273	0.45652428543876	0.0611340977453494
38000	-190.10964645374548	-190.10964645374548	-186.73354900036315	1.509664696253608	1.820939510418739	0.48442204478979073	0.047626703644247106
39000	-193.00093266580197	-193.00093266580197	-190.23425289231255	1.7310666404739734	1.7919661501099484	0.48380431918604033	0.055645108703993106
40000	-193.55686190173108	-193.55686190173108	-188.73053421295498	1.8615708565730438	1.9657094229862275	0.3166259987847477	0.02526420009653266
41000	-193.39838761130792	-193.39838761130792	-189.77400199249115	1.9513596451682071	1.7525976971138164	0.3895567722666547	0.03966120079749539
42000	-192.52556700141398	-192.52556700141398	-190.1409653936089	1.9918441688594568	1.7042786043706049	0.3313880096060881	0.06486533758560306
43000	-190.6066939032632	-190.6066939032632	-187.47099647605359	1.8381416926504848	1.676652948889623	0.333660628301114	0.047556752501875174
44000	-191.14466946313695	-191.14466946313695	-188.4630005740609	1.6105636758900572	1.9468966903738245	0.3748348215918155	0.05370542392985922
45000	-189.83307599689078	-189.83307599689078	-186.5786593774369	1.6197663312898576	1.8347749100371618	0.39531856094294915	0.04401429297276066
46000	-190.78831801375267	-190.78831801375267	-187.4974578766247	1.6889936064236866	1.8802072525994773	0.4355231034335435	0.04340106773148111
47000	-190.5811618296652	-190.5811618296652	-186.84696034742478	1.4020040068679558	2.1013338814324873	0.5086239920641679	0.047460688956307055
48000	-193.6893611623434	-193.6893611623434	-187.9551026137995	1.3363154233525931	1.9014089149711872	0.6349836210472426	0.03429440508728442
49000	-193.08883492404644	-193.08883492404644	-187.9239357415141	2.2138308221919405	1.7120826848058863	0.20594432676219107	0.0321089500208559
50000	-190.57294611322368	-190.57294611322368	-186.47251090285943	1.690184179800605	1.8331192718391656	0.35324105136336265	0.03209744739679883
51000	-190.15761044837785	-190.15761044837785	-187.194377804956	1.5332667765703636	1.9768840739932587	0.4421560504020787	0.05152374766818119
52000	-192.75837597958278	-192.75837597958278	-190.55556434106998	1.4990966645833979	1.7235303247826856	0.530752018272991	0.08207265136344875
53000	-190.95686980806786	-190.95686980806786	-187.25222500878394	1.3722966075091698	1.8779519780306486	0.5515763640185293	0.05417910927962975
54000	-190.17300495516707	-190.17300495516707	-186.9233020182216	1.8767011083510707	1.7178696998152179	0.3692044559719884	0.04487415675229021
55000	-190.21728334952803	-190.21728334952803	-187.44279083092982	1.6121408042316703	1.891526279788053	0.447685965307409	0.05374876145317198
56000	-194.7398713041011	-194.7398713041011	-189.84627544286113	1.3790416593035808	1.8127455007729838	0.5079358490162904	0.032625054417096414
57000	-192.25850417094566	-192.25850417094566	-188.44907648491935	2.205875474536645	1.5095311958182052	0.27133351931738947	0.049541238907903726
58000	-190.15534642044022	-190.15534642044022	-187.25574916152453	1.5150853229003032	1.9367912968969676	0.4348547879282881	0.05312842928923002
59000	-190.5826949919013	-190.5826949919013	-186.5454660904025	1.6694343326506753	1.8148058863759733	0.4276042578992183	0.033454131886641446
60000	-190.60220600986543	-190.60220600986543	-186.5545555366366	1.5679671984108872	1.8230592515528385	0.45947330818296517	0.03520475258171843
61000	-191.26870908034545	-191.26870908034545	-188.7546343659815	1.6584483358339073	1.6894511120788633	0.41001511994046747	0.05941389647389989
62000	-190.99605013512945	-190.99605013512945	-188.438935272731	1.9067509573776613	1.6714789756058228	0.36653365346615263	0.059146040380161434
63000	-189.80262581481335	-189.80262581481335	-186.1980877133499	1.8163459910132351	1.7888521351211273	0.33559559105842984	0.03883502456950834
64000	-192.38498284475983	-192.38498284475983	-187.30327926065223	1.4830223433126322	1.9972209259654117	0.4837838503537655	0.02612549939381152
65000	-190.79617755259878	-190.79617755259878	-186.57043784465938	2.2004040002342506	1.631599702245134	0.2705883585557916	0.03978608964706232
66000	-190.90629769328265	-190.90629769328265	-188.0554779372007	1.7755141136366508	1.6819308420291614	0.4375099658570234	0.0530023884624892
67000	-190.35648768438614	-190.35648768438614	-186.51541558070065	2.072195647189559	1.6425137915956693	0.29697472385526724	0.04128787230635687
68000	-190.00990011581786	-190.00990011581786	-186.09938353389882	1.7703021327615593	1.8423909502671898	0.3514647126401725	0.03419106181411729
69000	-192.1424520842083	-192.1424520842083	-190.10722683422233	1.801520714787508	1.7302238713588858	0.3546216731572242	0.06945074790156322
70000	-191.96598709762603	-191.96598709762603	-189.10049632560288	1.9196887110144756	1.814487190047971	0.3006456014350239	0.05294266264435041
71000	-191.57132909805935	-191.57132909805935	-188.2726942865977	1.4670838930686823	2.135642239874029	0.45853676268917004	0.04883981573561809
72000	-190.62770791782106	-190.62770791782106	-186.42159696200008	1.9816373658612234	1.7466312700120161	0.2752514914452963	0.03480222524865779
73000	-190.97905111289526	-190.97905111289526	-187.442754943362	1.9228421933349882	1.6117229815807255	0.32389338386047023	0.04324814962512745
74000	-194.81028408640137	-194.81028408640137	-190.05493063193245	1.2577062266049985	1.7917838483876023	0.6618274203279633	0.06510563811021093
75000	-190.1164325637189	-190.1164325637189	-187.49559770944043	1.7623839025265366	1.7400615473835033	0.38346897941269176	0.055361873033766974
76000	-194.03565949983894	-194.03565949983894	-190.42087422575173	1.9022078837407377	1.9684406845109723	0.28660307504079063	0.040247627549211656
77000	-193.25141353555708	-193.25141353555708	-191.01463804315702	1.4042454745682256	1.934833616663681	0.4982090022588179	0.08155005683087574
78000	-190.83276711719336	-190.83276711719336	-187.91008516099026	1.520769428354465	1.760625978803384	0.5264254141695706	0.06029464968873931
79000	-190.78139545797558	-190.78139545797558	-187.4705897767147	1.470948612100685	1.7866157615192735	0.5207517328945467	0.05339528783455291
80000	-190.2981948461984	-190.2981948461984	-186.50290778321502	1.670508537782142	1.7698446626987498	0.42537955719874543	0.03670387603352552
81000	-192.7402468053295	-192.7402468053295	-189.67464169501	1.7108623963958114	1.7486380963970194	0.32150250101429895	0.047866060897486615
82000	-191.07598302111694	-191.07598302111694	-188.23923736771457	1.435638748547462	1.8919195768913175	0.5497361721443641	0.06872125015141164
83000	-191.83279136462124	-191.83279136462124	-187.28929775025154	1.2536515786326525	2.0909042090851444	0.6334175579581132	0.06338399827303567
84000	-190.14794302913853	-190.14794302913853	-186.57259628532682	1.4506419435556068	1.879047982693674	0.4987133747355167	0.04705316337352341
85000	-190.6124195012586	-190.6124195012586	-187.09636853124934	1.440633543885018	1.964059133956629	0.5516782106919637	0.05303565447859074
86000	-191.20176250912655	-191.20176250912655	-188.25194174326992	1.55729724782753	1.7265801850620281	0.45030616203822676	0.053206370585898076
87000	-190.57748201112392	-190.57748201112392	-186.85138803161266	1.5420742590966237	1.894808872566719	0.5053286280437248	0.04197047786780874
88000	-190.6434504846718	-190.6434504846718	-187.61216752916886	1.4752938811250271	1.868526452342897	0.5441614285060904	0.06087279843099091
89000	-191.62557285801773	-191.62557285801773	-186.84145057385066	1.309750406660682	2.2286442525347363	0.4879489961499554	0.03712878895786606
90000	-197.61550638279874	-197.61550638279874	-192.4772293620276	1.519866410932212	1.613240576514161	0.6348271217165143	0.0370329870903631
91000	-190.55926382094663	-190.55926382094663	-188.03358088018146	1.5550753697335125	1.7830462896760422	0.47501225739480246	0.06312536392288061
92000	-190.3463066271524	-190.3463066271524	-186.6935170811435	1.4323894705899278	1.8681446623434463	0.5281931963886541	0.048930213652011806
93000	-191.4911907088924	-191.4911907088924	-189.01330667439106	1.4739810240780464	1.9253530118320883	0.4457717805159352	0.06474792705056642
94000	-192.69520495828533	-192.69520495828533	-188.86757262396299	1.9043264008745102	1.5515103972871729	0.33767147792580193	0.039678495640604314
95000	-193.6169686565852	-193.6169686565852	-189.90588047400794	1.9795662067098503	1.9036203777787382	0.3020408053691668	0.039212817355999054
96000	-191.4600972904946	-191.4600972904946	-187.811771651753	1.3242969020447457	2.096616320637592	0.49335751568158553	0.05408457047464771
97000	-196.16504154324863	-196.16504154324863	-189.8423016318264	1.3141490855550821	1.8886719882217708	0.7808128336753878	0.05817577837017614
98000	-191.25551068122533	-191.25551068122533	-187.90683669259352	1.3735094804983308	1.9198502015021155	0.5030726202951709	0.05630542258419068
99000	-190.29863274012942	-190.29863274012942	-186.28746485994265	1.4605684238338181	1.9275370507746343	0.519787551629705	0.041002222071608724
100000	-190.89506636957358	-190.89506636957358	-188.62534244198628	1.6855681571608634	1.7655931531443756	0.44469786401573885	0.06485422675075002
