#
#model:
#
#<?xml version="1.0" encoding="UTF-8" standalone="no"?><input id="posterior" spec="beast.core.util.CompoundDistribution">
#    <distribution id="prior" spec="beast.core.util.CompoundDistribution">
#        <distribution id="TimTam.t:sequences" spec="timtam.TimTam">
#            <parameter id="birthRate.t:sequences" name="lambda" spec="beast.core.parameter.RealParameter">3.0</parameter>
#            <parameter estimate="false" id="deathRate.t:sequences" lower="0.0" name="mu" spec="beast.core.parameter.RealParameter" upper="100.0">1.0</parameter>
#            <parameter id="samplingRate.t:sequences" lower="0.0" name="psi" spec="beast.core.parameter.RealParameter" upper="100.0">0.5</parameter>
#            <parameter id="rhoProb.t:sequences" lower="0.0" name="rho" spec="beast.core.parameter.RealParameter" upper="1.0">0.5</parameter>
#            <parameter id="occurrenceRate.t:sequences" lower="0.0" name="omega" spec="beast.core.parameter.RealParameter" upper="100.0">0.5</parameter>
#            <parameter id="RealParameter" lower="0.0" name="rootLength" spec="beast.core.parameter.RealParameter" upper="0.0">0.847096238234892</parameter>
#            <catastropheTimes id="catastropheSchedule.t:sequences" spec="timtam.BackwardsSchedule">0.0</catastropheTimes>
#            <points dimension="144" id="occurrenceTimes.t:sequences" spec="timtam.BackwardsPointProcess">3.87985751536511 3.00477591626511 2.98000360116511 2.87051067176511 2.76641354586512 2.71342631106511 2.61769950546512 2.54699276716511 2.53512202886511 2.46117121336511 2.42608610026511 2.37960624116512 2.36493574186511 2.36254172986511 2.29511514426511 2.26339740576511 2.20309916206511 2.19021102456512 2.01459309726511 1.94824321426512 1.94746157026511 1.87655707776511 1.81006944406511 1.77828752166511 1.76757729446511 1.76128391726511 1.73200874726512 1.69669821436511 1.6711242833651 1.64765246766511 1.58838095656512 1.54838643646512 1.54054510166511 1.53687946526512 1.52929915386511 1.50892027196512 1.49818975356511 1.46691621566511 1.46664985336512 1.42059446726511 1.3842922207651 1.37817384486511 1.33478373406511 1.31982092906512 1.29039839786511 1.27581182196511 1.26018802656511 1.25366286306511 1.23969349976511 1.20996904036512 1.20516359506512 1.17373850686511 1.15860449006511 1.15220855566511 1.13922680486511 1.12166664836511 1.11790035866512 1.11698520536511 1.05718419256512 1.05375264166511 1.04757990496511 1.04593755546512 1.04203360536511 1.03847769636511 0.999978261265108 0.983576355865108 0.955822029965108 0.947918247865108 0.944889314165108 0.918156677365108 0.901691352765108 0.889203737465108 0.879126392465118 0.877165568465108 0.866487747265108 0.829412446165108 0.804532705265118 0.797867881065108 0.760352265265108 0.742428935465118 0.741956482565118 0.727863944065108 0.721066073965108 0.701441536365098 0.674296930165108 0.665131125865108 0.664140613865108 0.644887273265108 0.527881488565108 0.513503466165108 0.509433106765108 0.505306627065108 0.505088970165108 0.466536614365118 0.465583535365108 0.462121012365108 0.430154884965108 0.396079504065108 0.388489600065108 0.387207719265108 0.382731434165118 0.353934585565108 0.343124676665107 0.334660983865108 0.323976809165108 0.314528433465108 0.312269121565108 0.293432865665108 0.287429572265108 0.264457059465118 0.258814003065108 0.256876222665108 0.233602973365108 0.229194201065108 0.201360394365118 0.200838371065108 0.193401584465108 0.187850909665108 0.174335099665108 0.170669294165118 0.165942237165108 0.157274084665108 0.149728474765108 0.129786082565118 0.127571281965118 0.125467617265118 0.113606152765108 0.111434409765108 0.103225009065108 0.0928132144651181 0.0916696687651077 0.0809254891651081 0.0788964287651082 0.0763166853651081 0.0728945922651079 0.0703931730651082 0.0679893585651179 0.0474642039651085 0.0469404901651078 0.044411417865108 0.0107617170651082 0.00753464776510793 0.00738013176510854 0.00481852366510793</points>
#            <tree IsLabelledNewick="true" adjustTipHeights="false" id="Tree.t:sequences" newick="(((t8_3.667354:1.923210447,t18_1.972727:0.2285834472):0.1553215905,t21_1.684536:0.0957144532):0.7417257785,(t29_1.537950:0.1263667142,(((t31_2.623714:0.615633872,((t33_2.580864:0.0413912462,t34_3.097844:0.5583715656):0.261552688,((t36_3.662922:0.1122544246,((t38_4.555011:0.0147536685,t40_5.000000:0.4597427304):0.6981943185,t42_3.914500:0.0724367366):0.2913954923):0.4864847783,t45_3.306219:0.2420366707):0.7862630743):0.2698397563):0.365553501,(t48_2.250221:0.0382605671,(t50_2.663953:0.3866955502,(t51_2.661068:0.2095783132,((t53_3.429765:0.3477348663,t54_3.417806:0.3357757298):0.3524655902,t56_4.132809:1.403243862):0.2780756126):0.1742317122):0.0652972457):0.569433964):0.2053479616,(((t79_2.888781:0.7231514033,(t81_2.767308:0.1200771527,((((((t83_4.810020:0.1243189907,t88_5.000000:0.3142990488):0.1196396899,(t91_5.000000:0.2205938603,(t96_5.000000:0.06706679657,t98_5.000000:0.06706679657):0.1535270637):0.2133448784):0.0029109878,((t102_5.000000:0.1156132126,t104_5.000000:0.1156132126):0.1261926363,t105_4.908343:0.1501489438):0.1950438776):0.088293421,t112_4.791572:0.3167148152):0.8744930837,((t114_4.418828:0.2131130193,t115_4.439102:0.2333866824):0.5408467369,t119_4.450308:0.7854394935):0.0645045632):0.3172349627,t121_3.318515:0.0353858158):0.6358981891):0.4816011569):0.0843049074,((((t125_3.321085:0.0606090495,(t126_3.830169:0.130922491,((t127_5.000000:0.3599297972,t133_5.000000:0.3599297972):0.80503243,t139_3.907873:0.0728349163):0.1357912608):0.438770367):0.5835846211,t142_2.736561:0.0596689928):0.2457272364,(((((t143_4.203671:0.5000537096,(t148_4.599424:0.5026788393,(t150_4.267463:0.0401504519,t151_4.254391:0.0270786517):0.130567624):0.3931270097):0.0089262633,(t153_4.544574:0.0289671635,t154_4.526084:0.0104773959):0.8209154252):0.5472184177,(((((t157_4.995858:0.0938243257,t158_5.000000:0.09796680417):0.3101946029,t160_4.635365:0.0435263343):0.0185064855,t164_4.853798:0.2804654886):0.1279174111,((t165_4.988802:0.1921261806,t166_5.000000:0.2033238069):0.0648200849,t167_4.823911:0.0920552057):0.2864414119):0.2332212832,t168_4.379335:0.1671417984):1.064720395):0.3498568523,t177_4.196933:1.399316404):0.2276974661,(t179_3.007304:0.1996946061,(((t184_4.231628:0.9341330324,t188_3.363767:0.0662719883):0.1504957401,((t195_4.880497:0.1471215129,t198_4.968512:0.2351368808):0.2319003052,(t201_5.000000:0.1807229518,t203_4.910305:0.0910275394):0.3178019266):1.354476331):0.0125315559,((t218_4.429855:0.0619445595,(t224_5.000000:0.4047811098,t230_4.812030:0.216811318):0.227308216):0.1478606334,t235_4.800399:0.5803489713):1.085582806):0.326858078):0.2376904569):0.1387544125):0.0245579335,t244_2.463219:0.0566129679):0.3252818013):0.5071617537,(((((t246_3.011406:0.8140637651,((((t247_3.522864:0.3948683664,(((t248_4.220628:0.0562231145,(t249_4.360162:0.1890543883,((t252_4.841122:0.3748217075,(t253_5.000000:0.08868371507,t254_5.000000:0.08868371507):0.4450157412):0.2927494381,(t260_4.892233:0.5232715335,t262_4.632708:0.2637464322):0.1954106148):0.0024433658):0.0067028469):0.1305662185,t266_4.221791:0.1879522265):0.3221435647,(t271_4.740325:0.6499153091,(t274_4.716078:0.4030263458,t280_5.000000:0.68694836):0.2226420969):0.3787144334):0.5836995359):0.1413649787,((t290_3.660657:0.1876376771,t291_3.547235:0.0742157394):0.4213911132,(((t305_4.349014:0.0182940334,(t306_4.592120:0.0047334567,t307_4.931293:0.3439069168):0.2566659636):0.9017662878,(((((t315_5.000000:0.1568943644,t320_5.000000:0.1568943644):0.1803087603,(t323_5.000000:0.3316609635,t325_5.000000:0.3316609635):0.0055421612):0.2972022739,t327_4.724494:0.3588995856):0.1436623347,t328_4.602132:0.3801995387):0.1272764425,t329_4.156501:0.0618452449):0.6657019938):0.0227839992,(((t336_4.254272:0.2533218054,t341_4.035913:0.0349627584):0.2298857781,t344_4.636776:0.8657107349):0.1940501933,((t348_5.000000:0.6215647585,t353_4.394385:0.0159497403):0.2137995556,((t361_5.000000:0.4547211561,(t363_5.000000:0.3217341208,t365_5.000000:0.3217341208):0.1329870353):0.3715819363,t367_4.271329:0.0976316006):0.0090612217):0.587621109):0.1708447457):0.3545412229):0.0649980132):0.0301139975,(t370_3.638073:0.1060202746,t371_3.791145:0.2590921378):0.5755358682):0.2502710558,((t372_3.471456:0.3858556399,(t377_5.000000:0.6180014783,t380_5.000000:0.6180014783):1.296398587):0.2621331103,(t381_3.328143:0.2740733957,(((t383_4.285588:0.2290852644,t384_4.401452:0.344949531):0.1015928514,t385_3.998688:0.0437782742):0.0195522168,t386_4.506234:0.5708766659):0.8812880942):0.23060275):0.117221283):0.5089029267):0.0845369349,((t396_3.382216:0.7219440026,(((t405_3.116688:0.0218835072,t406_3.161943:0.0671378676):0.3116315969,((t407_3.269923:0.3607417803,(((t410_5.000000:0.6465254823,t412_4.506663:0.1531881977):0.2620464292,t418_4.293787:0.2023586669):0.8924655068,t420_3.426021:0.2270585205):0.2897816565):0.0612599775,((((t426_4.735226:0.2026725943,(t430_5.000000:0.4051764952,t437_4.701461:0.1066376336):0.062270016):0.215623689,t443_4.368399:0.0514696333):0.036980811,(t447_5.000000:0.3795112875,(t451_5.000000:0.3150228169,(t454_5.000000:0.01473446157,t456_5.000000:0.01473446157):0.3002883553):0.0644884706):0.3405397237):1.310823295,(t468_3.653160:0.5614770705,t471_3.209110:0.1174276437):0.1225568869):0.1212047459):0.0647477723):0.0540634174,((((t477_5.000000:0.319942133,t478_5.000000:0.319942133):0.9268346375,t481_4.032950:0.2797272589):0.4024337797,((t486_4.294366:0.1468484821,(t487_4.747991:0.5313502146,t490_4.980945:0.7643044597):0.0691236102):0.0270871234,(t504_5.000000:0.4567432007,t505_5.000000:0.4567432007):0.4228267885):0.769640561):0.3858701484,t519_3.141092:0.176172684):0.2358095434):0.0688379873):0.3370909473,((((t525_5.000000:1.104616085,t526_3.934620:0.0392365039):0.7886581951,t529_3.463481:0.3567557443):0.3943854792,(((t551_5.000000:0.400443774,t554_4.871216:0.2716595128):0.4279971745,((t556_5.000000:0.6229532439,t563_4.514650:0.1376029016):0.0069378803,t566_4.734433:0.3643243925):0.1985498243):0.2321882983,t574_4.021438:0.0820672728):1.227030513):0.3005908456,((t579_3.987076:0.4389766176,(t583_4.976610:0.8318749286,t592_4.587685:0.4429505903):0.5966348736):0.8285375675,(t595_3.022094:0.1706973099,(((((t598_5.000000:0.4134412762,t601_5.000000:0.4134412762):0.2971093945,(t606_4.831562:0.1211096205,t607_5.000000:0.289547328):0.4210033427):0.1275730818,((t610_4.652147:0.1269416004,t614_5.000000:0.4747942813):0.2575966501,t619_4.514993:0.2473835801):0.1057328211):0.1852195596,t628_4.982976:1.006319135):0.8896405764,((((t632_5.000000:1.303465477,(((t636_4.982487:0.2467858323,t637_5.000000:0.2642991088):0.1132060115,t641_4.935523:0.31302781):0.1195643384,t643_4.717029:0.2140988523):0.8063960179):0.0771717189,(t645_3.767079:0.0477209837,(t647_4.845441:0.8018261606,((t652_4.579880:0.1415515432,(t653_5.000000:0.2772781477,t656_5.000000:0.2772781477):0.2843935557):0.2664749624,t660_4.660127:0.4882741321):0.1282388628):0.3242566848):0.0999949821):0.1565653999,(((t674_5.000000:0.9819114985,t679_4.295663:0.2775741747):0.1916832377,t681_4.061009:0.2346039177):0.0776732535,(t683_4.322946:0.0115497386,t684_4.524078:0.2126823754):0.5626638241):0.2859346057):0.3652126276,(t690_4.913840:1.093674467,t703_3.960337:0.1401720549):0.7225805558):0.0105686655):0.2356198723):0.1318339981):0.307812846):0.0885685717):0.2103751432):0.0745524947,(((t704_3.021681:0.6414388519,((t706_3.915473:0.2027484031,((t709_4.734981:0.1929632298,(t714_5.000000:0.2152324287,((t715_5.000000:0.09677153207,t717_4.996273:0.0930442937):0.0610285421,t718_5.000000:0.1578000742):0.0574323545):0.2427502071):0.1396519469,t721_5.000000:0.5976345827):0.6896408355):0.2122651896,((t725_4.901035:0.9150839646,(t728_5.000000:0.1847565466,t729_5.000000:0.1847565466):0.8292924288):0.0370867515,(t731_4.279496:0.2291630394,t734_5.000000:0.9496668456):0.1014688813):0.4484048809):1.120216756):0.2011670113,t748_3.176152:0.9970768264):0.0944831136,((((t751_3.982725:0.381000988,(t756_3.940483:0.1424782506,t759_5.000000:1.201994925):0.1962814925):0.3875613176,((t775_5.000000:0.462710723,t783_5.000000:0.462710723):0.8654496927,t793_5.000000:1.328160416):0.4576773192):0.3044240347,(((t802_3.770944:0.2511759095,(((t806_4.947381:0.7559921718,t809_4.254529:0.0631403165):0.1798320702,((t812_4.528301:0.1129072124,t813_4.756642:0.3412483321):0.2266026848,((t819_5.000000:0.2877629618,((t821_5.000000:0.06990867527,t822_5.000000:0.06990867527):0.0318351827,t823_5.000000:0.101743858):0.1860191038):0.2747890857,(t825_4.868580:0.121960499,t826_4.777930:0.0313111701):0.3091711586):0.24865708):0.177234324):0.1822379822,(t827_5.000000:0.2354822581,t829_5.000000:0.2354822581):0.9351991756):0.3095499952):0.268774403,((((((t834_4.375879:0.4663986068,((t841_4.972653:0.54991992,t842_4.833671:0.4109377019):0.1551956846,t843_4.551742:0.2842042328):0.3580573624):0.0450699999,(t848_5.000000:0.6257341416,t854_4.877516:0.5032499205):0.509855912):0.0568514215,t859_3.917215:0.1096566745):0.1814699421,(t861_4.478731:0.2040322683,t863_4.931858:0.6571596288):0.6486100344):0.0215458043,t869_4.101197:0.4966544812):0.2150409914,t870_3.576890:0.1873879393):0.138507619):0.050655483,(t872_3.712739:0.3455361287,(t874_4.044601:0.0439581871,t875_4.261268:0.2606247075):0.6334406805):0.1668637018):0.2906004547):0.0314234153,t881_3.119465:0.2411501104):0.7937223039):0.0463393257):0.0447550134,(((t889_3.258930:0.1762299311,((t893_3.958102:0.5703161406,t898_3.464623:0.076837361):0.1640717606,t903_4.182584:0.9588698007):0.1410135069):0.1479468838,t908_2.941664:0.00691096):0.1139273741,((((t910_4.506713:0.2261903296,(t912_4.587906:0.0581527278,((t914_5.000000:0.149616378,t917_5.000000:0.149616378):0.1736433497,t918_5.000000:0.3232597277):0.1469867442):0.2492305773):0.0066986261,((t921_5.000000:0.62043737,(t926_5.000000:0.3778965769,t929_5.000000:0.3778965769):0.2425407931):0.0474034116,t934_5.000000:0.6678407816):0.0583348937):0.0684120557,t937_4.207080:0.0016672706):1.318408933,(((t940_4.809534:0.0614769771,t941_4.893098:0.1450406499):0.2209573217,(t943_5.000000:0.2870138169,t944_4.932143:0.2191563492):0.1858864594):0.7191473574,t949_3.962127:0.1541749865):0.9209490301):0.0661772571):0.827327907):0.049657671,t953_2.083120:0.1392791048):0.3696777021):0.1369844117):0.0255951378):0.5644870113);" spec="beast.util.TreeParser">
#                <taxonset id="TaxonSet" spec="beast.evolution.alignment.TaxonSet">
#                    <taxon id="t102_5.000000" spec="beast.evolution.alignment.Taxon"/>
#                    <taxon id="t104_5.000000" spec="beast.evolution.alignment.Taxon"/>
#                    <taxon id="t105_4.908343" spec="beast.evolution.alignment.Taxon"/>
#                    <taxon id="t112_4.791572" spec="beast.evolution.alignment.Taxon"/>
#                    <taxon id="t114_4.418828" spec="beast.evolution.alignment.Taxon"/>
#                    <taxon id="t115_4.439102" spec="beast.evolution.alignment.Taxon"/>
#                    <taxon id="t119_4.450308" spec="beast.evolution.alignment.Taxon"/>
#                    <taxon id="t121_3.318515" spec="beast.evolution.alignment.Taxon"/>
#                    <taxon id="t125_3.321085" spec="beast.evolution.alignment.Taxon"/>
#                    <taxon id="t126_3.830169" spec="beast.evolution.alignment.Taxon"/>
#                    <taxon id="t127_5.000000" spec="beast.evolution.alignment.Taxon"/>
#                    <taxon id="t133_5.000000" spec="beast.evolution.alignment.Taxon"/>
#                    <taxon id="t139_3.907873" spec="beast.evolution.alignment.Taxon"/>
#                    <taxon id="t142_2.736561" spec="beast.evolution.alignment.Taxon"/>
#                    <taxon id="t143_4.203671" spec="beast.evolution.alignment.Taxon"/>
#                    <taxon id="t148_4.599424" spec="beast.evolution.alignment.Taxon"/>
#                    <taxon id="t150_4.267463" spec="beast.evolution.alignment.Taxon"/>
#                    <taxon id="t151_4.254391" spec="beast.evolution.alignment.Taxon"/>
#                    <taxon id="t153_4.544574" spec="beast.evolution.alignment.Taxon"/>
#                    <taxon id="t154_4.526084" spec="beast.evolution.alignment.Taxon"/>
#                    <taxon id="t157_4.995858" spec="beast.evolution.alignment.Taxon"/>
#                    <taxon id="t158_5.000000" spec="beast.evolution.alignment.Taxon"/>
#                    <taxon id="t160_4.635365" spec="beast.evolution.alignment.Taxon"/>
#                    <taxon id="t164_4.853798" spec="beast.evolution.alignment.Taxon"/>
#                    <taxon id="t165_4.988802" spec="beast.evolution.alignment.Taxon"/>
#                    <taxon id="t166_5.000000" spec="beast.evolution.alignment.Taxon"/>
#                    <taxon id="t167_4.823911" spec="beast.evolution.alignment.Taxon"/>
#                    <taxon id="t168_4.379335" spec="beast.evolution.alignment.Taxon"/>
#                    <taxon id="t177_4.196933" spec="beast.evolution.alignment.Taxon"/>
#                    <taxon id="t179_3.007304" spec="beast.evolution.alignment.Taxon"/>
#                    <taxon id="t184_4.231628" spec="beast.evolution.alignment.Taxon"/>
#                    <taxon id="t188_3.363767" spec="beast.evolution.alignment.Taxon"/>
#                    <taxon id="t18_1.972727" spec="beast.evolution.alignment.Taxon"/>
#                    <taxon id="t195_4.880497" spec="beast.evolution.alignment.Taxon"/>
#                    <taxon id="t198_4.968512" spec="beast.evolution.alignment.Taxon"/>
#                    <taxon id="t201_5.000000" spec="beast.evolution.alignment.Taxon"/>
#                    <taxon id="t203_4.910305" spec="beast.evolution.alignment.Taxon"/>
#                    <taxon id="t218_4.429855" spec="beast.evolution.alignment.Taxon"/>
#                    <taxon id="t21_1.684536" spec="beast.evolution.alignment.Taxon"/>
#                    <taxon id="t224_5.000000" spec="beast.evolution.alignment.Taxon"/>
#                    <taxon id="t230_4.812030" spec="beast.evolution.alignment.Taxon"/>
#                    <taxon id="t235_4.800399" spec="beast.evolution.alignment.Taxon"/>
#                    <taxon id="t244_2.463219" spec="beast.evolution.alignment.Taxon"/>
#                    <taxon id="t246_3.011406" spec="beast.evolution.alignment.Taxon"/>
#                    <taxon id="t247_3.522864" spec="beast.evolution.alignment.Taxon"/>
#                    <taxon id="t248_4.220628" spec="beast.evolution.alignment.Taxon"/>
#                    <taxon id="t249_4.360162" spec="beast.evolution.alignment.Taxon"/>
#                    <taxon id="t252_4.841122" spec="beast.evolution.alignment.Taxon"/>
#                    <taxon id="t253_5.000000" spec="beast.evolution.alignment.Taxon"/>
#                    <taxon id="t254_5.000000" spec="beast.evolution.alignment.Taxon"/>
#                    <taxon id="t260_4.892233" spec="beast.evolution.alignment.Taxon"/>
#                    <taxon id="t262_4.632708" spec="beast.evolution.alignment.Taxon"/>
#                    <taxon id="t266_4.221791" spec="beast.evolution.alignment.Taxon"/>
#                    <taxon id="t271_4.740325" spec="beast.evolution.alignment.Taxon"/>
#                    <taxon id="t274_4.716078" spec="beast.evolution.alignment.Taxon"/>
#                    <taxon id="t280_5.000000" spec="beast.evolution.alignment.Taxon"/>
#                    <taxon id="t290_3.660657" spec="beast.evolution.alignment.Taxon"/>
#                    <taxon id="t291_3.547235" spec="beast.evolution.alignment.Taxon"/>
#                    <taxon id="t29_1.537950" spec="beast.evolution.alignment.Taxon"/>
#                    <taxon id="t305_4.349014" spec="beast.evolution.alignment.Taxon"/>
#                    <taxon id="t306_4.592120" spec="beast.evolution.alignment.Taxon"/>
#                    <taxon id="t307_4.931293" spec="beast.evolution.alignment.Taxon"/>
#                    <taxon id="t315_5.000000" spec="beast.evolution.alignment.Taxon"/>
#                    <taxon id="t31_2.623714" spec="beast.evolution.alignment.Taxon"/>
#                    <taxon id="t320_5.000000" spec="beast.evolution.alignment.Taxon"/>
#                    <taxon id="t323_5.000000" spec="beast.evolution.alignment.Taxon"/>
#                    <taxon id="t325_5.000000" spec="beast.evolution.alignment.Taxon"/>
#                    <taxon id="t327_4.724494" spec="beast.evolution.alignment.Taxon"/>
#                    <taxon id="t328_4.602132" spec="beast.evolution.alignment.Taxon"/>
#                    <taxon id="t329_4.156501" spec="beast.evolution.alignment.Taxon"/>
#                    <taxon id="t336_4.254272" spec="beast.evolution.alignment.Taxon"/>
#                    <taxon id="t33_2.580864" spec="beast.evolution.alignment.Taxon"/>
#                    <taxon id="t341_4.035913" spec="beast.evolution.alignment.Taxon"/>
#                    <taxon id="t344_4.636776" spec="beast.evolution.alignment.Taxon"/>
#                    <taxon id="t348_5.000000" spec="beast.evolution.alignment.Taxon"/>
#                    <taxon id="t34_3.097844" spec="beast.evolution.alignment.Taxon"/>
#                    <taxon id="t353_4.394385" spec="beast.evolution.alignment.Taxon"/>
#                    <taxon id="t361_5.000000" spec="beast.evolution.alignment.Taxon"/>
#                    <taxon id="t363_5.000000" spec="beast.evolution.alignment.Taxon"/>
#                    <taxon id="t365_5.000000" spec="beast.evolution.alignment.Taxon"/>
#                    <taxon id="t367_4.271329" spec="beast.evolution.alignment.Taxon"/>
#                    <taxon id="t36_3.662922" spec="beast.evolution.alignment.Taxon"/>
#                    <taxon id="t370_3.638073" spec="beast.evolution.alignment.Taxon"/>
#                    <taxon id="t371_3.791145" spec="beast.evolution.alignment.Taxon"/>
#                    <taxon id="t372_3.471456" spec="beast.evolution.alignment.Taxon"/>
#                    <taxon id="t377_5.000000" spec="beast.evolution.alignment.Taxon"/>
#                    <taxon id="t380_5.000000" spec="beast.evolution.alignment.Taxon"/>
#                    <taxon id="t381_3.328143" spec="beast.evolution.alignment.Taxon"/>
#                    <taxon id="t383_4.285588" spec="beast.evolution.alignment.Taxon"/>
#                    <taxon id="t384_4.401452" spec="beast.evolution.alignment.Taxon"/>
#                    <taxon id="t385_3.998688" spec="beast.evolution.alignment.Taxon"/>
#                    <taxon id="t386_4.506234" spec="beast.evolution.alignment.Taxon"/>
#                    <taxon id="t38_4.555011" spec="beast.evolution.alignment.Taxon"/>
#                    <taxon id="t396_3.382216" spec="beast.evolution.alignment.Taxon"/>
#                    <taxon id="t405_3.116688" spec="beast.evolution.alignment.Taxon"/>
#                    <taxon id="t406_3.161943" spec="beast.evolution.alignment.Taxon"/>
#                    <taxon id="t407_3.269923" spec="beast.evolution.alignment.Taxon"/>
#                    <taxon id="t40_5.000000" spec="beast.evolution.alignment.Taxon"/>
#                    <taxon id="t410_5.000000" spec="beast.evolution.alignment.Taxon"/>
#                    <taxon id="t412_4.506663" spec="beast.evolution.alignment.Taxon"/>
#                    <taxon id="t418_4.293787" spec="beast.evolution.alignment.Taxon"/>
#                    <taxon id="t420_3.426021" spec="beast.evolution.alignment.Taxon"/>
#                    <taxon id="t426_4.735226" spec="beast.evolution.alignment.Taxon"/>
#                    <taxon id="t42_3.914500" spec="beast.evolution.alignment.Taxon"/>
#                    <taxon id="t430_5.000000" spec="beast.evolution.alignment.Taxon"/>
#                    <taxon id="t437_4.701461" spec="beast.evolution.alignment.Taxon"/>
#                    <taxon id="t443_4.368399" spec="beast.evolution.alignment.Taxon"/>
#                    <taxon id="t447_5.000000" spec="beast.evolution.alignment.Taxon"/>
#                    <taxon id="t451_5.000000" spec="beast.evolution.alignment.Taxon"/>
#                    <taxon id="t454_5.000000" spec="beast.evolution.alignment.Taxon"/>
#                    <taxon id="t456_5.000000" spec="beast.evolution.alignment.Taxon"/>
#                    <taxon id="t45_3.306219" spec="beast.evolution.alignment.Taxon"/>
#                    <taxon id="t468_3.653160" spec="beast.evolution.alignment.Taxon"/>
#                    <taxon id="t471_3.209110" spec="beast.evolution.alignment.Taxon"/>
#                    <taxon id="t477_5.000000" spec="beast.evolution.alignment.Taxon"/>
#                    <taxon id="t478_5.000000" spec="beast.evolution.alignment.Taxon"/>
#                    <taxon id="t481_4.032950" spec="beast.evolution.alignment.Taxon"/>
#                    <taxon id="t486_4.294366" spec="beast.evolution.alignment.Taxon"/>
#                    <taxon id="t487_4.747991" spec="beast.evolution.alignment.Taxon"/>
#                    <taxon id="t48_2.250221" spec="beast.evolution.alignment.Taxon"/>
#                    <taxon id="t490_4.980945" spec="beast.evolution.alignment.Taxon"/>
#                    <taxon id="t504_5.000000" spec="beast.evolution.alignment.Taxon"/>
#                    <taxon id="t505_5.000000" spec="beast.evolution.alignment.Taxon"/>
#                    <taxon id="t50_2.663953" spec="beast.evolution.alignment.Taxon"/>
#                    <taxon id="t519_3.141092" spec="beast.evolution.alignment.Taxon"/>
#                    <taxon id="t51_2.661068" spec="beast.evolution.alignment.Taxon"/>
#                    <taxon id="t525_5.000000" spec="beast.evolution.alignment.Taxon"/>
#                    <taxon id="t526_3.934620" spec="beast.evolution.alignment.Taxon"/>
#                    <taxon id="t529_3.463481" spec="beast.evolution.alignment.Taxon"/>
#                    <taxon id="t53_3.429765" spec="beast.evolution.alignment.Taxon"/>
#                    <taxon id="t54_3.417806" spec="beast.evolution.alignment.Taxon"/>
#                    <taxon id="t551_5.000000" spec="beast.evolution.alignment.Taxon"/>
#                    <taxon id="t554_4.871216" spec="beast.evolution.alignment.Taxon"/>
#                    <taxon id="t556_5.000000" spec="beast.evolution.alignment.Taxon"/>
#                    <taxon id="t563_4.514650" spec="beast.evolution.alignment.Taxon"/>
#                    <taxon id="t566_4.734433" spec="beast.evolution.alignment.Taxon"/>
#                    <taxon id="t56_4.132809" spec="beast.evolution.alignment.Taxon"/>
#                    <taxon id="t574_4.021438" spec="beast.evolution.alignment.Taxon"/>
#                    <taxon id="t579_3.987076" spec="beast.evolution.alignment.Taxon"/>
#                    <taxon id="t583_4.976610" spec="beast.evolution.alignment.Taxon"/>
#                    <taxon id="t592_4.587685" spec="beast.evolution.alignment.Taxon"/>
#                    <taxon id="t595_3.022094" spec="beast.evolution.alignment.Taxon"/>
#                    <taxon id="t598_5.000000" spec="beast.evolution.alignment.Taxon"/>
#                    <taxon id="t601_5.000000" spec="beast.evolution.alignment.Taxon"/>
#                    <taxon id="t606_4.831562" spec="beast.evolution.alignment.Taxon"/>
#                    <taxon id="t607_5.000000" spec="beast.evolution.alignment.Taxon"/>
#                    <taxon id="t610_4.652147" spec="beast.evolution.alignment.Taxon"/>
#                    <taxon id="t614_5.000000" spec="beast.evolution.alignment.Taxon"/>
#                    <taxon id="t619_4.514993" spec="beast.evolution.alignment.Taxon"/>
#                    <taxon id="t628_4.982976" spec="beast.evolution.alignment.Taxon"/>
#                    <taxon id="t632_5.000000" spec="beast.evolution.alignment.Taxon"/>
#                    <taxon id="t636_4.982487" spec="beast.evolution.alignment.Taxon"/>
#                    <taxon id="t637_5.000000" spec="beast.evolution.alignment.Taxon"/>
#                    <taxon id="t641_4.935523" spec="beast.evolution.alignment.Taxon"/>
#                    <taxon id="t643_4.717029" spec="beast.evolution.alignment.Taxon"/>
#                    <taxon id="t645_3.767079" spec="beast.evolution.alignment.Taxon"/>
#                    <taxon id="t647_4.845441" spec="beast.evolution.alignment.Taxon"/>
#                    <taxon id="t652_4.579880" spec="beast.evolution.alignment.Taxon"/>
#                    <taxon id="t653_5.000000" spec="beast.evolution.alignment.Taxon"/>
#                    <taxon id="t656_5.000000" spec="beast.evolution.alignment.Taxon"/>
#                    <taxon id="t660_4.660127" spec="beast.evolution.alignment.Taxon"/>
#                    <taxon id="t674_5.000000" spec="beast.evolution.alignment.Taxon"/>
#                    <taxon id="t679_4.295663" spec="beast.evolution.alignment.Taxon"/>
#                    <taxon id="t681_4.061009" spec="beast.evolution.alignment.Taxon"/>
#                    <taxon id="t683_4.322946" spec="beast.evolution.alignment.Taxon"/>
#                    <taxon id="t684_4.524078" spec="beast.evolution.alignment.Taxon"/>
#                    <taxon id="t690_4.913840" spec="beast.evolution.alignment.Taxon"/>
#                    <taxon id="t703_3.960337" spec="beast.evolution.alignment.Taxon"/>
#                    <taxon id="t704_3.021681" spec="beast.evolution.alignment.Taxon"/>
#                    <taxon id="t706_3.915473" spec="beast.evolution.alignment.Taxon"/>
#                    <taxon id="t709_4.734981" spec="beast.evolution.alignment.Taxon"/>
#                    <taxon id="t714_5.000000" spec="beast.evolution.alignment.Taxon"/>
#                    <taxon id="t715_5.000000" spec="beast.evolution.alignment.Taxon"/>
#                    <taxon id="t717_4.996273" spec="beast.evolution.alignment.Taxon"/>
#                    <taxon id="t718_5.000000" spec="beast.evolution.alignment.Taxon"/>
#                    <taxon id="t721_5.000000" spec="beast.evolution.alignment.Taxon"/>
#                    <taxon id="t725_4.901035" spec="beast.evolution.alignment.Taxon"/>
#                    <taxon id="t728_5.000000" spec="beast.evolution.alignment.Taxon"/>
#                    <taxon id="t729_5.000000" spec="beast.evolution.alignment.Taxon"/>
#                    <taxon id="t731_4.279496" spec="beast.evolution.alignment.Taxon"/>
#                    <taxon id="t734_5.000000" spec="beast.evolution.alignment.Taxon"/>
#                    <taxon id="t748_3.176152" spec="beast.evolution.alignment.Taxon"/>
#                    <taxon id="t751_3.982725" spec="beast.evolution.alignment.Taxon"/>
#                    <taxon id="t756_3.940483" spec="beast.evolution.alignment.Taxon"/>
#                    <taxon id="t759_5.000000" spec="beast.evolution.alignment.Taxon"/>
#                    <taxon id="t775_5.000000" spec="beast.evolution.alignment.Taxon"/>
#                    <taxon id="t783_5.000000" spec="beast.evolution.alignment.Taxon"/>
#                    <taxon id="t793_5.000000" spec="beast.evolution.alignment.Taxon"/>
#                    <taxon id="t79_2.888781" spec="beast.evolution.alignment.Taxon"/>
#                    <taxon id="t802_3.770944" spec="beast.evolution.alignment.Taxon"/>
#                    <taxon id="t806_4.947381" spec="beast.evolution.alignment.Taxon"/>
#                    <taxon id="t809_4.254529" spec="beast.evolution.alignment.Taxon"/>
#                    <taxon id="t812_4.528301" spec="beast.evolution.alignment.Taxon"/>
#                    <taxon id="t813_4.756642" spec="beast.evolution.alignment.Taxon"/>
#                    <taxon id="t819_5.000000" spec="beast.evolution.alignment.Taxon"/>
#                    <taxon id="t81_2.767308" spec="beast.evolution.alignment.Taxon"/>
#                    <taxon id="t821_5.000000" spec="beast.evolution.alignment.Taxon"/>
#                    <taxon id="t822_5.000000" spec="beast.evolution.alignment.Taxon"/>
#                    <taxon id="t823_5.000000" spec="beast.evolution.alignment.Taxon"/>
#                    <taxon id="t825_4.868580" spec="beast.evolution.alignment.Taxon"/>
#                    <taxon id="t826_4.777930" spec="beast.evolution.alignment.Taxon"/>
#                    <taxon id="t827_5.000000" spec="beast.evolution.alignment.Taxon"/>
#                    <taxon id="t829_5.000000" spec="beast.evolution.alignment.Taxon"/>
#                    <taxon id="t834_4.375879" spec="beast.evolution.alignment.Taxon"/>
#                    <taxon id="t83_4.810020" spec="beast.evolution.alignment.Taxon"/>
#                    <taxon id="t841_4.972653" spec="beast.evolution.alignment.Taxon"/>
#                    <taxon id="t842_4.833671" spec="beast.evolution.alignment.Taxon"/>
#                    <taxon id="t843_4.551742" spec="beast.evolution.alignment.Taxon"/>
#                    <taxon id="t848_5.000000" spec="beast.evolution.alignment.Taxon"/>
#                    <taxon id="t854_4.877516" spec="beast.evolution.alignment.Taxon"/>
#                    <taxon id="t859_3.917215" spec="beast.evolution.alignment.Taxon"/>
#                    <taxon id="t861_4.478731" spec="beast.evolution.alignment.Taxon"/>
#                    <taxon id="t863_4.931858" spec="beast.evolution.alignment.Taxon"/>
#                    <taxon id="t869_4.101197" spec="beast.evolution.alignment.Taxon"/>
#                    <taxon id="t870_3.576890" spec="beast.evolution.alignment.Taxon"/>
#                    <taxon id="t872_3.712739" spec="beast.evolution.alignment.Taxon"/>
#                    <taxon id="t874_4.044601" spec="beast.evolution.alignment.Taxon"/>
#                    <taxon id="t875_4.261268" spec="beast.evolution.alignment.Taxon"/>
#                    <taxon id="t881_3.119465" spec="beast.evolution.alignment.Taxon"/>
#                    <taxon id="t889_3.258930" spec="beast.evolution.alignment.Taxon"/>
#                    <taxon id="t88_5.000000" spec="beast.evolution.alignment.Taxon"/>
#                    <taxon id="t893_3.958102" spec="beast.evolution.alignment.Taxon"/>
#                    <taxon id="t898_3.464623" spec="beast.evolution.alignment.Taxon"/>
#                    <taxon id="t8_3.667354" spec="beast.evolution.alignment.Taxon"/>
#                    <taxon id="t903_4.182584" spec="beast.evolution.alignment.Taxon"/>
#                    <taxon id="t908_2.941664" spec="beast.evolution.alignment.Taxon"/>
#                    <taxon id="t910_4.506713" spec="beast.evolution.alignment.Taxon"/>
#                    <taxon id="t912_4.587906" spec="beast.evolution.alignment.Taxon"/>
#                    <taxon id="t914_5.000000" spec="beast.evolution.alignment.Taxon"/>
#                    <taxon id="t917_5.000000" spec="beast.evolution.alignment.Taxon"/>
#                    <taxon id="t918_5.000000" spec="beast.evolution.alignment.Taxon"/>
#                    <taxon id="t91_5.000000" spec="beast.evolution.alignment.Taxon"/>
#                    <taxon id="t921_5.000000" spec="beast.evolution.alignment.Taxon"/>
#                    <taxon id="t926_5.000000" spec="beast.evolution.alignment.Taxon"/>
#                    <taxon id="t929_5.000000" spec="beast.evolution.alignment.Taxon"/>
#                    <taxon id="t934_5.000000" spec="beast.evolution.alignment.Taxon"/>
#                    <taxon id="t937_4.207080" spec="beast.evolution.alignment.Taxon"/>
#                    <taxon id="t940_4.809534" spec="beast.evolution.alignment.Taxon"/>
#                    <taxon id="t941_4.893098" spec="beast.evolution.alignment.Taxon"/>
#                    <taxon id="t943_5.000000" spec="beast.evolution.alignment.Taxon"/>
#                    <taxon id="t944_4.932143" spec="beast.evolution.alignment.Taxon"/>
#                    <taxon id="t949_3.962127" spec="beast.evolution.alignment.Taxon"/>
#                    <taxon id="t953_2.083120" spec="beast.evolution.alignment.Taxon"/>
#                    <taxon id="t96_5.000000" spec="beast.evolution.alignment.Taxon"/>
#                    <taxon id="t98_5.000000" spec="beast.evolution.alignment.Taxon"/>
#                </taxonset>
#            </tree>
#        </distribution>
#        <prior id="birthRatePrior.t:sequences" name="distribution" x="@birthRate.t:sequences">
#            <Gamma id="Gamma.8" name="distr">
#                <parameter id="RealParameter.79" lower="0.0" name="alpha" spec="beast.core.parameter.RealParameter" upper="0.0">6.0</parameter>
#                <parameter id="RealParameter.80" lower="0.0" name="beta" spec="beast.core.parameter.RealParameter" upper="0.0">0.5</parameter>
#            </Gamma>
#        </prior>
#        <prior id="occurrenceRatePrior.t:sequences" name="distribution" x="@occurrenceRate.t:sequences">
#            <Gamma id="Gamma.12" name="distr">
#                <parameter estimate="false" id="RealParameter.91" name="alpha" spec="beast.core.parameter.RealParameter">2.0</parameter>
#                <parameter estimate="false" id="RealParameter.92" name="beta" spec="beast.core.parameter.RealParameter">0.25</parameter>
#            </Gamma>
#        </prior>
#        <prior id="rhoProbPrior.t:sequences" name="distribution" x="@rhoProb.t:sequences">
#            <Beta id="Beta.10" name="distr">
#                <parameter id="RealParameter.85" lower="0.0" name="alpha" spec="beast.core.parameter.RealParameter" upper="0.0">4.0</parameter>
#                <parameter id="RealParameter.86" lower="0.0" name="beta" spec="beast.core.parameter.RealParameter" upper="0.0">6.0</parameter>
#            </Beta>
#        </prior>
#        <prior id="samplingRatePrior.t:sequences" name="distribution" x="@samplingRate.t:sequences">
#            <Gamma id="Gamma.10" name="distr">
#                <parameter id="RealParameter.83" lower="0.0" name="alpha" spec="beast.core.parameter.RealParameter" upper="0.0">2.0</parameter>
#                <parameter id="RealParameter.84" lower="0.0" name="beta" spec="beast.core.parameter.RealParameter" upper="0.0">0.25</parameter>
#            </Gamma>
#        </prior>
#    </distribution>
#</input>
#
Sample	posterior	prior	samplingRate	rhoProb	occurrenceRate	TimTam.prevalence.lnR	TimTam.prevalence.lnP	TimTam.prevalence.lnMean	TimTam.prevalence.lnVariance	birthRate
0	141.21431082795084	141.21431082795084	0.5	0.5	0.5	5.311219743361071	-1.0475400109582225	4.695693639454265	5.127707546505682	3.0
1000	154.07698341035984	154.07698341035984	0.4753335810103334	0.19997155402714897	0.43451266342774236	5.315216123830299	-0.5421231361406782	5.644200794136994	6.515308600584367	3.035192052571241
2000	154.36049972298053	154.36049972298053	0.5581204978658257	0.2858020834874429	0.46996924207602453	5.310294709665591	-0.6949366196330555	5.3067190278927034	5.998079965752871	3.0307720104771265
3000	151.55543980615087	151.55543980615087	0.5012401489018931	0.2758198612996189	0.46461283700464123	5.30904597274079	-0.6601730114799444	5.376118790875595	6.1033646204903444	3.3492256433756706
4000	151.68758778605914	151.68758778605914	0.4329731017626417	0.2101445735324178	0.40634599064931204	5.316294398284367	-0.559018704642111	5.605370220060954	6.453464746479652	2.887153939167287
5000	152.73582961511846	152.73582961511846	0.47720826371229663	0.20696187683345713	0.49814952628660253	5.31248795074836	-0.5595795102181681	5.600254673254383	6.447600905978575	3.1834547129357444
6000	154.49631577038227	154.49631577038227	0.5594853873104156	0.2322070661746433	0.4651855627396591	5.306765503468564	-0.6350725085531299	5.426496592226246	6.181300189537058	3.151414111081483
7000	152.56772824550765	152.56772824550765	0.5255865526289181	0.31595598650859447	0.4910702524964101	5.30568882533816	-0.7596360895241789	5.176857517496715	5.807662299179448	3.1316246582512544
8000	154.77234888051638	154.77234888051638	0.5488110050019883	0.2396194572137595	0.4618693289431679	5.310912667969141	-0.6277452931067568	5.4462950448703555	6.209422714878326	3.030547449550259
9000	153.9790673642046	153.9790673642046	0.5708115709607893	0.21456523653685186	0.4592339112614054	5.308532944832673	-0.6082225808559986	5.486269326162821	6.272228288348968	3.0726130607371025
10000	151.72099167239114	151.72099167239114	0.5243590210108542	0.35235192220748585	0.4847066731791574	5.31084196423635	-0.7940136626665547	5.118357320515351	5.719886339460906	2.978224151843561
11000	153.0089330354208	153.0089330354208	0.5303241112189716	0.3008777294817531	0.44657256288976827	5.312431269630775	-0.6862195419143481	5.326334874086934	6.026458020457441	3.1815618395304246
12000	148.99954650579804	148.99954650579804	0.4048752578594383	0.27896280406500074	0.45677515731107204	5.317092480283726	-0.5722064056342564	5.5756393053614115	6.406392536073353	2.9613479804231733
13000	154.1608531434042	154.1608531434042	0.49919690392895066	0.24631467541535124	0.4510006266192425	5.305462102927749	-0.6546444713078321	5.384009550460805	6.117201469301692	3.227455144145597
14000	153.21408460411487	153.21408460411487	0.5829285094828345	0.22020354158041802	0.4407583303131676	5.310250412687077	-0.6156585953864591	5.471740252947425	6.248888688594232	2.9501246169242448
15000	154.04095113309916	154.04095113309916	0.5227645073845401	0.20284714416620497	0.4037794374100823	5.314277485191723	-0.5338365554779788	5.663178614951885	6.545916300190027	3.2627642938852914
16000	154.49362889290714	154.49362889290714	0.5207577577090059	0.25551954414498046	0.4470955835685337	5.310217785835323	-0.6390576041610382	5.421490761809359	6.171821341944433	3.185959453020874
17000	154.1539292593101	154.1539292593101	0.5257354454511296	0.1915455999268411	0.4327655833811951	5.309276277003739	-0.5625522313347564	5.5901200133284075	6.433515980987833	3.1927628581664655
18000	151.19842665841398	151.19842665841398	0.5077018768313445	0.16928957179598667	0.48002970525247707	5.313372740003562	-0.45240345195379045	5.871838546185542	6.882707804321312	3.34691950170647
19000	152.15951604999236	152.15951604999236	0.5295296629092816	0.27947337483697743	0.37064458824486113	5.321234331363684	-0.5715911512096449	5.581193757091577	6.412744334029115	3.0146717471076823
20000	153.09724285759881	153.09724285759881	0.518532967500837	0.20037796302255365	0.3626177022284165	5.316337654562338	-0.48468577890628994	5.788479986852597	6.745308098049145	3.1836323253084555
21000	153.93905774446947	153.93905774446947	0.5154760131419156	0.22792882262523567	0.4962382673548921	5.309215309635235	-0.6232363671286609	5.454294307102422	6.22260967169827	3.0463051405521453
22000	152.82477792210076	152.82477792210076	0.6148274480217226	0.30168031503350884	0.47625435296615704	5.313899977754961	-0.7034757776362589	5.293348373849872	5.976272547581042	2.8891797945709716
23000	154.2224907383995	154.2224907383995	0.5656654255759961	0.2651523166768125	0.45183711785848907	5.310421714716297	-0.6757959617080727	5.3454305412579926	6.056235329507761	2.9306941414743055
24000	151.51898566178258	151.51898566178258	0.5925923799466829	0.2967169395114989	0.5326472011963092	5.299785389180121	-0.7587698767788678	5.172582421239024	5.804149330076795	3.227517300959734
25000	152.7975805367603	152.7975805367603	0.46649691395889403	0.19488373998476616	0.4631857867654688	5.313627699833949	-0.5527797545359678	5.617333823084882	6.4738197008717835	2.996664389005914
26000	153.80799717539182	153.80799717539182	0.46814721499740647	0.22849262070410833	0.38174668655077393	5.3211834491909515	-0.5000920763065568	5.753701583975015	6.686311795065636	3.0728601926914463
27000	153.14424392914734	153.14424392914734	0.45428394201456523	0.17762175149032136	0.3686508661619148	5.317250987724115	-0.4861813785680871	5.785504296504904	6.739938983853779	3.147959261925965
28000	154.4494535247285	154.4494535247285	0.47392591697756414	0.23076351087971103	0.4241696871111932	5.314414463919169	-0.6031560736914723	5.5033031861749535	6.295347982122211	3.027103643234684
29000	151.22838289017545	151.22838289017545	0.5386677591430351	0.20302528694994992	0.5407772472231824	5.30858476835689	-0.822578896975467	5.064570313961528	5.643134756541633	3.088107260203072
30000	150.96163900050107	150.96163900050107	0.4852836825013301	0.23545523367772742	0.33136663685007334	5.31847665970485	-0.5491777782274118	5.6306857619894775	6.492072642501516	3.1135522931836297
31000	152.25276039269446	152.25276039269446	0.6477669759313215	0.260426277794592	0.48251824938905374	5.306716292061286	-0.6414902669385776	5.412844603456032	6.160463181789355	3.0865047019587615
32000	152.65239765357063	152.65239765357063	0.5138848702126251	0.31605866261005555	0.4796427465692217	5.317666453905126	-0.6697750934826018	5.364969981850784	6.082048603279044	3.106587357310097
33000	153.7782524854007	153.7782524854007	0.5273312910908676	0.23642544765177068	0.3855100076405671	5.318681061452239	-0.5582919054374005	5.609454923852968	6.458520691691097	2.991633073918685
34000	154.97151291035698	154.97151291035698	0.5245398116131991	0.22811843681388363	0.44354277867709546	5.313794550670201	-0.5322623308973231	5.666505637308965	6.551479054845052	3.147219719497964
35000	152.6391924469255	152.6391924469255	0.5805908347027559	0.23672493245388496	0.5202383465860537	5.307050680629717	-0.6762014146461972	5.341234328683521	6.051619391383523	3.208981166475835
36000	149.56837081190284	149.56837081190284	0.4591437732560126	0.27944307495858295	0.4614265140049739	5.314517845106248	-0.6857418373046616	5.329383780113995	6.029991552426402	2.7114420161730326
37000	151.54162726307112	151.54162726307112	0.6173987061621238	0.3479173732240681	0.47597361981771	5.308945738856466	-0.7552603626763952	5.188352835816507	5.823020295452943	2.838901798682703
38000	154.02542280524025	154.02542280524025	0.46647717754629026	0.2131395525405799	0.3955173978928349	5.31996723413458	-0.4928728742311795	5.770933388816288	6.714772417729175	3.229473696974824
39000	151.84722133240794	151.84722133240794	0.44857490752309626	0.19766271810956845	0.3469647794936751	5.308267966698484	-0.5955868301038756	5.513945935244437	6.315210733894266	3.0063789820474893
40000	153.9720113706379	153.9720113706379	0.5191059652380715	0.2549750407093353	0.39093579642835885	5.309744878963071	-0.6540462884783351	5.389537975603487	6.1233773607222375	3.0569542423838776
41000	152.29647482020516	152.29647482020516	0.47080716645219084	0.20992599477421267	0.41814541896065915	5.315988765172276	-0.5050741003559245	5.735895186551903	6.660875708287454	3.4281574432723496
42000	153.37692514657968	153.37692514657968	0.48349437898988146	0.24845434520242524	0.4763862952716482	5.313102958142158	-0.6048885367909063	5.498170558248288	6.288126695145323	3.2267685447751546
43000	153.84128138690917	153.84128138690917	0.47258108373519664	0.2421192168055954	0.4356272234064431	5.305996042421853	-0.6753490635454542	5.341914798370964	6.053182617865529	2.9418003784037015
44000	154.0834739646285	154.0834739646285	0.5491591230323072	0.285279693473969	0.4951492281613353	5.312691975619011	-0.678692551278146	5.341813238682118	6.04962705302337	3.0038263796902385
45000	154.1314488379524	154.1314488379524	0.5892826098972529	0.2589443700476306	0.4740708726014876	5.3089866612395245	-0.6690427767082501	5.357790872618392	6.07563786070551	3.0151660567291145
46000	154.12720536927415	154.12720536927415	0.4563238002559033	0.20767531852982093	0.40141991719293885	5.316281169386009	-0.5300749964447542	5.674300263032929	6.5623943531246045	3.177216171605296
47000	151.9235637166369	151.9235637166369	0.5075596234613536	0.17099552207884686	0.3720093676020169	5.315957898282268	-0.47185179512246556	5.821862649989016	6.799619196818229	3.379068718107004
48000	152.9061564290098	152.9061564290098	0.5960482040573242	0.3280140694398593	0.4706979262717371	5.3104208988721195	-0.6945680935010243	5.307581089119142	5.999309372867189	2.95241792869041
49000	150.28967898091923	150.28967898091923	0.43611300344658194	0.23924403455595206	0.42898095029934585	5.3171187997548985	-0.5450058093933098	5.639228905437131	6.506344820512672	3.414665771117954
50000	152.58074786501788	152.58074786501788	0.5542393512251512	0.233845270271137	0.4295631846417653	5.308726669181863	-0.6036394298169023	5.496548497663066	6.288009755961172	3.3759620761313607
51000	153.12516060373653	153.12516060373653	0.5446074644848987	0.25574093215280724	0.38093159166179535	5.318612882224879	-0.5854199322096734	5.547089480914902	6.3609860118145996	2.9834238125683217
52000	154.61515604981452	154.61515604981452	0.5410111393331016	0.21599313184883542	0.4445721894335729	5.310862607049483	-0.6366809316525593	5.427175364460118	6.180169053523313	3.179760458029337
53000	151.93717257873573	151.93717257873573	0.6019942643200797	0.3526526556973477	0.5101004663938062	5.307015850890284	-1.6070322871140366	3.9237294267332747	4.147475289690302	2.9449662713208724
54000	154.10037529946646	154.10037529946646	0.5705789783962375	0.2736893534837146	0.476759949988583	5.307993298254423	-0.7618929150905165	5.174925337536426	5.803750291908947	3.1386510052265946
55000	152.9779085784401	152.9779085784401	0.6016490495726937	0.2702104909470309	0.48151167741285716	5.308755242077361	-0.7530544145197365	5.192327704707545	5.828954581857466	3.216071387004002
56000	154.14898460608177	154.14898460608177	0.5478487861125879	0.2674906831218959	0.4644445469989772	5.3155379901693225	-0.6141292304559425	5.480357592465832	6.259306425218283	3.188868392820054
57000	153.71805202350464	153.71805202350464	0.5542456563783048	0.25855212319885024	0.49754247789463824	5.309150557889564	-0.677752970102908	5.340179670607068	6.048961753427481	2.9168156959779172
58000	153.46544545010823	153.46544545010823	0.5339376628649067	0.1934917080294342	0.4274837394374074	5.313226498239074	-0.5259559697664891	5.681286508774106	6.575302489075626	3.315579304145389
59000	154.02802871687985	154.02802871687985	0.5655266777205689	0.272832246216384	0.43540640938439584	5.31224266143872	-0.6219727697483497	5.4600481331165245	6.229826374542679	3.1470789354042354
60000	154.6022405860982	154.6022405860982	0.507944351075306	0.2231241375051436	0.44307346613718285	5.316505778117246	-0.5640441919821131	5.593885249286561	6.43530891243799	2.988330904811082
61000	152.97995684596526	152.97995684596526	0.4991936556851536	0.3104258161703227	0.4501083889028806	5.313881765549263	-0.6668565594161933	5.36717291036822	6.08732061460337	2.957698289875655
62000	153.14613918174888	153.14613918174888	0.5949238798141392	0.25162666505556563	0.4576663283611803	5.309926791524591	-0.6302127805342397	5.440023927104096	6.200333843217841	3.2483056281399656
63000	152.74971323219006	152.74971323219006	0.6114299617699982	0.26605021544240404	0.4270020015079419	5.310251389973812	-0.654696409472018	5.388690720105161	6.121826459708528	3.168335731509698
64000	154.7015284057921	154.7015284057921	0.5370619575842972	0.22536374772952888	0.46484393975481114	5.310251892606879	-0.6546234962861285	5.3888430046458575	6.1220576129709645	3.0609934316970224
65000	153.5525706777214	153.5525706777214	0.4790376979356421	0.21627254650665675	0.3830090045267078	5.315764652320555	-0.5637092282143306	5.593921299709068	6.435787175311912	2.9715066133883714
66000	154.5676188225105	154.5676188225105	0.5289437763672707	0.23222307692888722	0.4605858969017906	5.312467759608577	-0.5727914450931695	5.569672400046729	6.399668485578051	2.97985560290384
67000	154.71447148138725	154.71447148138725	0.5198903503449925	0.22419996558329264	0.4672341155145082	5.307972404992151	-0.6237044305600754	5.452042469353757	6.219816964275439	3.079939037835751
68000	154.1448837969139	154.1448837969139	0.5908563003860298	0.260652152191729	0.4727775117106632	5.2983321771475635	-0.7352874711295668	5.215755825355855	5.868466944693714	3.065224109685869
69000	151.47403545155498	151.47403545155498	0.4897247482055267	0.1684031981301562	0.3409694347250773	5.3202199961380465	-0.42997856984860355	5.94155905530082	6.992876684312196	3.2823552213234013
70000	153.46817347199737	153.46817347199737	0.5009900113778966	0.27787197232232247	0.40131955187558715	5.318460753338606	-0.6094659482316622	5.4934705754756425	6.277946345844342	3.076423634508083
71000	153.0578011343593	153.0578011343593	0.43239299700386846	0.20073890861734847	0.4302086053353535	5.318525221529736	-0.4958269178847224	5.761917522164999	6.7011367406849836	3.2208902276906963
72000	154.25564711430565	154.25564711430565	0.5309195107305682	0.2037102587634942	0.41946669185109176	5.317083224796671	-0.5296803638074131	5.676061741147387	6.564720621305516	3.0342347997948886
73000	151.95262348461895	151.95262348461895	0.5500659996514361	0.227474173237743	0.4832586342418368	5.309537023181375	-0.6454380694214367	5.407345938727616	6.150592923695294	2.8129855675251982
74000	149.09600956360242	149.09600956360242	0.43066869412963577	0.3097959625854449	0.4671422303332025	5.3143860334946345	-0.7134834834995416	5.274118763490241	5.94733497698539	2.8648414967274087
75000	153.00347696615896	153.00347696615896	0.4726681148381426	0.2776611222123114	0.4497098184155276	5.31522034610409	-0.5893149842501422	5.534928457702512	6.343951553551076	3.1566934035077483
76000	153.20345645646526	153.20345645646526	0.6053876517641419	0.2730689903571676	0.5002418419942585	5.307755036669993	-0.684332440920325	5.325462907093769	6.02750321843787	3.1393393356236032
77000	153.74459118856902	153.74459118856902	0.5285728179195583	0.28788767607870414	0.4438921739214588	5.3071325389435025	-0.7075172354767354	5.278596005635899	5.957576707805031	3.1554971462921584
78000	152.69613858402795	152.69613858402795	0.545786075910854	0.2288945098892991	0.5330084259454118	5.307616457395066	-0.6721387749473058	5.350084110125083	6.064690537802406	3.099784195387434
79000	153.83470575245985	153.83470575245985	0.4667476104556284	0.20466169011529767	0.3864555920269592	5.313547972444241	-0.6845422190692478	5.3308325839445825	6.032659414514171	3.2501715595958673
80000	153.1563089850334	153.1563089850334	0.46115366359627374	0.19418099419223744	0.3897608566986558	5.319851955781834	-0.49024282226980687	5.777590895460159	6.725572657408292	2.980463302013629
81000	152.03020447385447	152.03020447385447	0.43821941427722455	0.25715248636826304	0.3849052569412028	5.317062088623579	-0.5989907629502337	5.5151706734643735	6.312270021255402	3.0384580599894355
82000	153.95457564501137	153.95457564501137	0.502217111175481	0.18170933204203094	0.4164031093544876	5.314459907229329	-0.5094781768563516	5.723297043014529	6.641612355656081	3.223238958771518
83000	153.43820512205704	153.43820512205704	0.5478041248248045	0.25421653244691284	0.5189566260717013	5.308755093343758	-0.3946198204270637	6.034797506639771	7.155459740362848	2.973276916126538
84000	152.56226552660513	152.56226552660513	0.5770440978165585	0.25584920902062863	0.38319010821460026	5.314004215807359	-0.5692805796333615	5.579278714834478	6.413833793494959	3.12896296946218
85000	152.83753762421082	152.83753762421082	0.5969842272561415	0.22136334595698423	0.4187842702195105	5.304691051670523	-0.6274217086271238	5.440767637655834	6.204265932268269	3.2228100205039083
86000	153.40375268286996	153.40375268286996	0.5497842638367393	0.28390030639802943	0.4617281420500146	5.3018362587090895	-0.7725845595666277	5.148810052494156	5.76836840584585	2.8362726461182044
87000	150.0490187643958	150.0490187643958	0.4946569399867973	0.23936790283996376	0.5475109765826605	5.314813302784219	-0.5722100467106024	5.573351771441029	6.404100286808442	3.315577650561316
88000	153.25011625154264	153.25011625154264	0.5692097165305368	0.26420621655878695	0.40142983783676617	5.313695724805222	-0.5814999385125617	5.551040400560583	6.369885014828506	2.9433729643626787
89000	153.55668178541336	153.55668178541336	0.6039061481877361	0.2783779372514899	0.48872015008822056	5.3084101422922325	-0.6799751978326811	5.334929927344415	6.04142491022928	3.094793018133534
90000	152.97167413692873	152.97167413692873	0.4841820008809546	0.2782983358139865	0.416705481242403	5.298613819275866	-0.7450922568428944	5.19728923722876	5.8410569120245475	3.1785428501425432
91000	149.1940358591839	149.1940358591839	0.4329430627968261	0.17784999209776933	0.5097304730373069	5.313496914042262	-0.5198464039538475	5.696560837644596	6.599471165200778	3.1374643039329784
92000	154.59600680311704	154.59600680311704	0.5089464992944324	0.25158431656258384	0.44498998990429606	5.3131873274537345	-0.6133188501752066	5.479773739087344	6.25967900089616	3.1702899664274913
93000	153.21786060297867	153.21786060297867	0.6126623449104678	0.27662241981126606	0.5062939242702755	5.307018099195953	-0.7041859774338095	5.285061031235483	5.967289940708823	3.0411780076308688
94000	154.74151274092904	154.74151274092904	0.5226054040138792	0.21100921983361648	0.4492406679066657	5.313252014798422	-0.5319562790603731	5.666704802077703	6.552113868417357	3.1282224590025955
95000	150.97192991483567	150.97192991483567	0.5599913783799002	0.37521075721348407	0.49083340281938637	5.293547976403448	-0.9374481448338315	4.8530651776007225	5.35003052363183	3.022168495158718
96000	152.10012012862674	152.10012012862674	0.6298615908350981	0.2908809239384936	0.5046697525251398	5.30130727588516	-0.7475648479297257	5.195281017608603	5.836819607261772	3.167848582185884
97000	150.22004006824747	150.22004006824747	0.5165129591423426	0.20096144443350716	0.5555557335441166	5.308993131285274	-0.7660740144971588	5.168098208668658	5.7932773005492	3.146288763818694
98000	152.19835750858576	152.19835750858576	0.59440298629026	0.26772641919006684	0.5268009858107465	5.307380483667347	-0.6716449123389485	5.3508575466459245	6.065979521963451	3.2209942441262314
99000	154.03716207177578	154.03716207177578	0.5723988937797325	0.26932273051146044	0.4338722184841589	5.310867868749989	-0.5953863778058863	5.516992571696685	6.318503652449268	2.948926536556902
100000	154.57715450456425	154.57715450456425	0.5363277322829052	0.2715503642405241	0.47539405175930494	5.316680199131468	-0.6218120624479233	5.464832716382837	6.23479729608213	3.0434618860476244
